<?xml version="1.0" encoding="utf-8"?>
<log version="1.0" tool="runtool">

<msg id="1" tool="runtool">
  <type>log-start</type>
  <arg>2024/01/01 01:11:47</arg>
</msg>
<msg id="2" tool="runtool">
  <type>bandwidth-measurement-starts</type>
</msg>
<msg id="3" tool="runtool">
  <type>bandwidth-measurement-done</type>
</msg>
<msg id="4" tool="runtool">
  <type>collector-starts</type>
</msg>
<msg id="5" tool="runtool">
  <type>marker-file</type>
  <arg>D:\Universidade\CHE\CHE\results\advisor\knn\e000\trc000\trc000.advixe</arg>
</msg>
<msg id="6" tool="trc">
  <type>PROCESS_START</type>
  <arg>D:\Universidade\CHE\CHE\knn-ver1-Oct2023\knn.exe</arg>
  <arg>5976</arg>
  <severity>INFO</severity>
  <timestamp>Mon Jan  1 01:12:03 2024</timestamp>
</msg>
<msg id="7" tool="trc">
  <type>PROCESS_ANALYSIS_MODE</type>
  <arg>full</arg>
  <severity>INFO</severity>
  <timestamp>Mon Jan  1 01:12:03 2024</timestamp>
</msg>
<msg id="8" tool="trc">
  <type>LOAD_MODULE</type>
  <arg>D:\Universidade\CHE\CHE\knn-ver1-Oct2023\knn.exe</arg>
  <arg>0x7ff661cd0000</arg>
  <arg>0x7ff661de7fff</arg>
  <arg>no</arg>
  <severity>INFO</severity>
  <timestamp>Mon Jan  1 01:12:03 2024</timestamp>
</msg>
<msg id="9" tool="trc">
  <type>LOAD_MODULE</type>
  <arg>C:\WINDOWS\System32\KERNELBASE.dll</arg>
  <arg>0x7ff89f910000</arg>
  <arg>0x7ff89fcb5fff</arg>
  <arg>yes</arg>
  <severity>INFO</severity>
  <timestamp>Mon Jan  1 01:12:03 2024</timestamp>
</msg>
<msg id="10" tool="trc">
  <type>LOAD_MODULE</type>
  <arg>C:\WINDOWS\System32\KERNEL32.DLL</arg>
  <arg>0x7ff8a0d60000</arg>
  <arg>0x7ff8a0e23fff</arg>
  <arg>yes</arg>
  <severity>INFO</severity>
  <timestamp>Mon Jan  1 01:12:04 2024</timestamp>
</msg>
<msg id="11" tool="trc">
  <type>LOAD_MODULE</type>
  <arg>C:\WINDOWS\SYSTEM32\ntdll.dll</arg>
  <arg>0x7ff8a2290000</arg>
  <arg>0x7ff8a24a6fff</arg>
  <arg>yes</arg>
  <severity>INFO</severity>
  <timestamp>Mon Jan  1 01:12:04 2024</timestamp>
</msg>
<msg id="12" tool="trc">
  <type>LOAD_MODULE</type>
  <arg>C:\WINDOWS\System32\ucrtbase.dll</arg>
  <arg>0x7ff89f720000</arg>
  <arg>0x7ff89f830fff</arg>
  <arg>yes</arg>
  <severity>INFO</severity>
  <timestamp>Mon Jan  1 01:12:04 2024</timestamp>
</msg>
<msg id="13" tool="trc">
  <type>LOAD_MODULE</type>
  <arg>C:\WINDOWS\SYSTEM32\kernel.appcore.dll</arg>
  <arg>0x7ff89e630000</arg>
  <arg>0x7ff89e647fff</arg>
  <arg>yes</arg>
  <severity>INFO</severity>
  <timestamp>Mon Jan  1 01:12:26 2024</timestamp>
</msg>
<msg id="14" tool="trc">
  <type>LOAD_MODULE</type>
  <arg>C:\WINDOWS\System32\msvcrt.dll</arg>
  <arg>0x7ff8a0610000</arg>
  <arg>0x7ff8a06b6fff</arg>
  <arg>yes</arg>
  <severity>INFO</severity>
  <timestamp>Mon Jan  1 01:12:26 2024</timestamp>
</msg>
<msg id="15" tool="trc">
  <type>UNLOAD_MODULE</type>
  <arg>D:\Universidade\CHE\CHE\knn-ver1-Oct2023\knn.exe</arg>
  <severity>INFO</severity>
  <timestamp>Mon Jan  1 01:12:26 2024</timestamp>
</msg>
<msg id="16" tool="trc">
  <type>UNLOAD_MODULE</type>
  <arg>C:\WINDOWS\System32\KERNELBASE.dll</arg>
  <severity>INFO</severity>
  <timestamp>Mon Jan  1 01:12:26 2024</timestamp>
</msg>
<msg id="17" tool="trc">
  <type>UNLOAD_MODULE</type>
  <arg>C:\WINDOWS\System32\KERNEL32.DLL</arg>
  <severity>INFO</severity>
  <timestamp>Mon Jan  1 01:12:26 2024</timestamp>
</msg>
<msg id="18" tool="trc">
  <type>UNLOAD_MODULE</type>
  <arg>C:\WINDOWS\SYSTEM32\ntdll.dll</arg>
  <severity>INFO</severity>
  <timestamp>Mon Jan  1 01:12:26 2024</timestamp>
</msg>
<msg id="19" tool="trc">
  <type>UNLOAD_MODULE</type>
  <arg>C:\WINDOWS\System32\ucrtbase.dll</arg>
  <severity>INFO</severity>
  <timestamp>Mon Jan  1 01:12:26 2024</timestamp>
</msg>
<msg id="20" tool="trc">
  <type>UNLOAD_MODULE</type>
  <arg>C:\WINDOWS\SYSTEM32\kernel.appcore.dll</arg>
  <severity>INFO</severity>
  <timestamp>Mon Jan  1 01:12:26 2024</timestamp>
</msg>
<msg id="21" tool="trc">
  <type>UNLOAD_MODULE</type>
  <arg>C:\WINDOWS\System32\msvcrt.dll</arg>
  <severity>INFO</severity>
  <timestamp>Mon Jan  1 01:12:26 2024</timestamp>
</msg>
<msg id="22" tool="trc">
  <type>PROCESS_FINISH</type>
  <arg>D:\Universidade\CHE\CHE\knn-ver1-Oct2023\knn.exe</arg>
  <arg>5976</arg>
  <arg>0x0</arg>
  <severity>INFO</severity>
  <timestamp>Mon Jan  1 01:12:26 2024</timestamp>
</msg>
<msg id="23" tool="runtool">
  <type>app-exit-code</type>
  <arg>0</arg>
</msg>
<msg id="24" tool="runtool">
  <type>marker-file</type>
  <arg>D:\Universidade\CHE\CHE\results\advisor\knn\e000\trc000\trc000.advixe</arg>
</msg>
<msg id="25" tool="runtool">
  <type>collector-done</type>
</msg>
<msg id="26" tool="runtool">
  <type>log-end</type>
  <arg>2024/01/01 01:12:31</arg>
</msg>

</log>

