<?xml version="1.0" encoding="utf-8" ?>
<!-- DO NOT EDIT THIS FILE -->

<log version='2.0' source='trc'>
	<msg id='1' display='false' source='trc'>
		<type>PROCESS_START</type>
		<severity>INFO</severity>
		<timestamp>Mon Jan  1 01:12:03 2024</timestamp>
		<arg name='process'>D:\Universidade\CHE\CHE\knn-ver1-Oct2023\knn.exe</arg>
		<arg name='pid'>5976</arg>
	</msg>
	<!-- Instrumentation filter's state:
    Patterns applicability:
        Generic loop pattern.....................: enabled
        Generic loop pattern (with dynamic jumps): enabled
        Known trip value loop pattern............: enabled
        Runtime final value loop pattern.........: enabled
        No initial IV loop pattern...............: enabled
        IV step only loop pattern................: enabled
        No entry loop pattern....................: enabled
    Clustered memory model (CMM) applicability:
        Generic loop pattern.....................: enabled
        Generic loop pattern (with dynamic jumps): enabled
        Known trip value loop pattern............: enabled
        Runtime final value loop pattern.........: enabled
        No initial IV loop pattern...............: enabled
        IV step only loop pattern................: enabled
        No entry loop pattern....................: disabled
 -->
	<!-- Callstack mode:
    filter modules.........: true
    filter routines........: true
    count loops............: true
    count flops............: true
    trace..................: false
    extended trace.........: false
    omp trace..............: false
    jit trace..............: false
    failures trace.........: false
    dump raw...............: false
    dump final.............: false
    dump all...............: false
    stack stitching........: true
    stl profiling..........: true
    aggressive frame switch: true
    unwind frame exit......: true
    analyze child loops....: true
 -->
	<!-- Managed application profiling: -->
	<!-- 	State...................: enabled -->
	<!-- Gpu Profiling: -->
	<!-- 	State  : disabled -->
	<!-- 	Filter : * -->
	<!-- 	GPUs   : 0:0:2.0 -->
	<!-- 	Options:  -->
	<!-- Creating caches according to description: 6:32k:8w/256k:4w/1:9216k:12w -->
	<!-- Created cache simulator with the following features: set locker, random set sampler, generic random set mapper, bb attribution, default tag, empty feature with size 9437184, associativity 12, and sampling 0.100000 -->
	<!-- Created cache simulator with the following features: empty feature, random set sampler, fast random set mapper, bb attribution, default tag, empty feature with size 262144, associativity 4, and sampling 0.100000 -->
	<!-- Created cache simulator with the following features: empty feature, random set sampler, fast random set mapper, bb attribution, default tag, empty feature with size 262144, associativity 4, and sampling 0.100000 -->
	<!-- Created cache simulator with the following features: empty feature, random set sampler, fast random set mapper, bb attribution, default tag, empty feature with size 262144, associativity 4, and sampling 0.100000 -->
	<!-- Created cache simulator with the following features: empty feature, random set sampler, fast random set mapper, bb attribution, default tag, empty feature with size 262144, associativity 4, and sampling 0.100000 -->
	<!-- Created cache simulator with the following features: empty feature, random set sampler, fast random set mapper, bb attribution, default tag, empty feature with size 262144, associativity 4, and sampling 0.100000 -->
	<!-- Created cache simulator with the following features: empty feature, random set sampler, fast random set mapper, bb attribution, default tag, empty feature with size 262144, associativity 4, and sampling 0.100000 -->
	<!-- Created cache simulator with the following features: empty feature, random set sampler, fast random set mapper, bb attribution, default tag, empty feature with size 32768, associativity 8, and sampling 0.100000 -->
	<!-- Created cache simulator with the following features: empty feature, random set sampler, fast random set mapper, bb attribution, default tag, empty feature with size 32768, associativity 8, and sampling 0.100000 -->
	<!-- Created cache simulator with the following features: empty feature, random set sampler, fast random set mapper, bb attribution, default tag, empty feature with size 32768, associativity 8, and sampling 0.100000 -->
	<!-- Created cache simulator with the following features: empty feature, random set sampler, fast random set mapper, bb attribution, default tag, empty feature with size 32768, associativity 8, and sampling 0.100000 -->
	<!-- Created cache simulator with the following features: empty feature, random set sampler, fast random set mapper, bb attribution, default tag, empty feature with size 32768, associativity 8, and sampling 0.100000 -->
	<!-- Created cache simulator with the following features: empty feature, random set sampler, fast random set mapper, bb attribution, default tag, empty feature with size 32768, associativity 8, and sampling 0.100000 -->
	<!-- Cache hierarchy created. Status=success -->
	<msg id='2' display='false' source='trc'>
		<type>PROCESS_ANALYSIS_MODE</type>
		<severity>INFO</severity>
		<timestamp>Mon Jan  1 01:12:03 2024</timestamp>
		<arg name='mode'>full</arg>
	</msg>
	<!-- Update image info for [1:0x61CD0000:NN] D:\Universidade\CHE\CHE\knn-ver1-Oct2023\knn.exe -->
	<msg id='3' display='false' source='trc'>
		<type>LOAD_MODULE</type>
		<severity>INFO</severity>
		<timestamp>Mon Jan  1 01:12:03 2024</timestamp>
		<arg name='module'>D:\Universidade\CHE\CHE\knn-ver1-Oct2023\knn.exe</arg>
		<arg name='basement'>0x7ff661cd0000</arg>
		<arg name='ceiling'>0x7ff661de7fff</arg>
		<arg name='symtab'>no</arg>
	</msg>
	<!-- Instrumenting image: id = 1, name = D:\Universidade\CHE\CHE\knn-ver1-Oct2023\knn.exe -->
	<!-- Instrumenting loops in routine ".text" -->
	<!-- Instrumenting loops in routine "unnamedImageEntryPoint" with dynamic jumps -->
	<!-- Update image info for [2:0x9F910000:YN] C:\WINDOWS\System32\KERNELBASE.dll -->
	<msg id='4' display='false' source='trc'>
		<type>LOAD_MODULE</type>
		<severity>INFO</severity>
		<timestamp>Mon Jan  1 01:12:03 2024</timestamp>
		<arg name='module'>C:\WINDOWS\System32\KERNELBASE.dll</arg>
		<arg name='basement'>0x7ff89f910000</arg>
		<arg name='ceiling'>0x7ff89fcb5fff</arg>
		<arg name='symtab'>yes</arg>
	</msg>
	<!-- Instrumentation of C:\WINDOWS\System32\KERNELBASE.dll image skipped because of filter conditions [cs-mode]. -->
	<!-- Update image info for [3:0xA0D60000:YN] C:\WINDOWS\System32\KERNEL32.DLL -->
	<msg id='5' display='false' source='trc'>
		<type>LOAD_MODULE</type>
		<severity>INFO</severity>
		<timestamp>Mon Jan  1 01:12:04 2024</timestamp>
		<arg name='module'>C:\WINDOWS\System32\KERNEL32.DLL</arg>
		<arg name='basement'>0x7ff8a0d60000</arg>
		<arg name='ceiling'>0x7ff8a0e23fff</arg>
		<arg name='symtab'>yes</arg>
	</msg>
	<!-- Instrumentation of C:\WINDOWS\System32\KERNEL32.DLL image skipped because of filter conditions. -->
	<!-- NtDelayExecution was replaced in ntdll.dll -->
	<!-- Update image info for [4:0xA2290000:YN] C:\WINDOWS\SYSTEM32\ntdll.dll -->
	<msg id='6' display='false' source='trc'>
		<type>LOAD_MODULE</type>
		<severity>INFO</severity>
		<timestamp>Mon Jan  1 01:12:04 2024</timestamp>
		<arg name='module'>C:\WINDOWS\SYSTEM32\ntdll.dll</arg>
		<arg name='basement'>0x7ff8a2290000</arg>
		<arg name='ceiling'>0x7ff8a24a6fff</arg>
		<arg name='symtab'>yes</arg>
	</msg>
	<!-- Instrumentation of C:\WINDOWS\SYSTEM32\ntdll.dll image skipped because of filter conditions [cs-mode]. -->
	<!-- Update image info for [5:0x9F720000:YN] C:\WINDOWS\System32\ucrtbase.dll -->
	<msg id='7' display='false' source='trc'>
		<type>LOAD_MODULE</type>
		<severity>INFO</severity>
		<timestamp>Mon Jan  1 01:12:04 2024</timestamp>
		<arg name='module'>C:\WINDOWS\System32\ucrtbase.dll</arg>
		<arg name='basement'>0x7ff89f720000</arg>
		<arg name='ceiling'>0x7ff89f830fff</arg>
		<arg name='symtab'>yes</arg>
	</msg>
	<!-- Instrumentation of C:\WINDOWS\System32\ucrtbase.dll image skipped because of filter conditions. -->
	<!-- Update image info for [6:0x9E630000:YN] C:\WINDOWS\SYSTEM32\kernel.appcore.dll -->
	<msg id='8' display='false' source='trc'>
		<type>LOAD_MODULE</type>
		<severity>INFO</severity>
		<timestamp>Mon Jan  1 01:12:26 2024</timestamp>
		<arg name='module'>C:\WINDOWS\SYSTEM32\kernel.appcore.dll</arg>
		<arg name='basement'>0x7ff89e630000</arg>
		<arg name='ceiling'>0x7ff89e647fff</arg>
		<arg name='symtab'>yes</arg>
	</msg>
	<!-- Instrumentation of C:\WINDOWS\SYSTEM32\kernel.appcore.dll image skipped because of filter conditions [cs-mode]. -->
	<!-- Update image info for [7:0xA0610000:YN] C:\WINDOWS\System32\msvcrt.dll -->
	<msg id='9' display='false' source='trc'>
		<type>LOAD_MODULE</type>
		<severity>INFO</severity>
		<timestamp>Mon Jan  1 01:12:26 2024</timestamp>
		<arg name='module'>C:\WINDOWS\System32\msvcrt.dll</arg>
		<arg name='basement'>0x7ff8a0610000</arg>
		<arg name='ceiling'>0x7ff8a06b6fff</arg>
		<arg name='symtab'>yes</arg>
	</msg>
	<!-- Instrumentation of C:\WINDOWS\System32\msvcrt.dll image skipped because of filter conditions [cs-mode]. -->
	<msg id='10' display='false' source='trc'>
		<type>UNLOAD_MODULE</type>
		<severity>INFO</severity>
		<timestamp>Mon Jan  1 01:12:26 2024</timestamp>
		<arg name='module'>D:\Universidade\CHE\CHE\knn-ver1-Oct2023\knn.exe</arg>
	</msg>
	<msg id='11' display='false' source='trc'>
		<type>UNLOAD_MODULE</type>
		<severity>INFO</severity>
		<timestamp>Mon Jan  1 01:12:26 2024</timestamp>
		<arg name='module'>C:\WINDOWS\System32\KERNELBASE.dll</arg>
	</msg>
	<msg id='12' display='false' source='trc'>
		<type>UNLOAD_MODULE</type>
		<severity>INFO</severity>
		<timestamp>Mon Jan  1 01:12:26 2024</timestamp>
		<arg name='module'>C:\WINDOWS\System32\KERNEL32.DLL</arg>
	</msg>
	<msg id='13' display='false' source='trc'>
		<type>UNLOAD_MODULE</type>
		<severity>INFO</severity>
		<timestamp>Mon Jan  1 01:12:26 2024</timestamp>
		<arg name='module'>C:\WINDOWS\SYSTEM32\ntdll.dll</arg>
	</msg>
	<msg id='14' display='false' source='trc'>
		<type>UNLOAD_MODULE</type>
		<severity>INFO</severity>
		<timestamp>Mon Jan  1 01:12:26 2024</timestamp>
		<arg name='module'>C:\WINDOWS\System32\ucrtbase.dll</arg>
	</msg>
	<msg id='15' display='false' source='trc'>
		<type>UNLOAD_MODULE</type>
		<severity>INFO</severity>
		<timestamp>Mon Jan  1 01:12:26 2024</timestamp>
		<arg name='module'>C:\WINDOWS\SYSTEM32\kernel.appcore.dll</arg>
	</msg>
	<msg id='16' display='false' source='trc'>
		<type>UNLOAD_MODULE</type>
		<severity>INFO</severity>
		<timestamp>Mon Jan  1 01:12:26 2024</timestamp>
		<arg name='module'>C:\WINDOWS\System32\msvcrt.dll</arg>
	</msg>
	<msg id='17' display='false' source='trc'>
		<type>PROCESS_FINISH</type>
		<severity>INFO</severity>
		<timestamp>Mon Jan  1 01:12:26 2024</timestamp>
		<arg name='process'>D:\Universidade\CHE\CHE\knn-ver1-Oct2023\knn.exe</arg>
		<arg name='pid'>5976</arg>
		<arg name='exitcode'>0x0</arg>
	</msg>
	<!-- Application exited with code 0 -->
</log>