87 [17016] INFO perfrun.launcher <> - Launcher main begin
101 [17016] INFO perfrun.launcher <> - MessageCatalogInit finished
101 [17016] INFO perfrun.launcher <> - Launcher instance created
101 [17016] INFO perfrun.launcher <> - argc = 6; cmdline = D:\Program Files (x86)\Intel\oneAPI\advisor\2024.0\bin64\advixe-runss.exe --ui-output-format xml --ui-output-fd 2672 --context-value-list 
164 [17016] INFO perfrun.launcher <> - New signal handler callback was added
4055 [17016] INFO perfrun.launcher <> - create msngr2::ICliToolContext
4056 [17016] INFO perfrun.launcher <> - create file finder object
4073 [17016] INFO perfrun.launcher <> - Put into the variant bag the context value: name = targetOS; value = Windows
4074 [17016] INFO perfrun.launcher <> - Put into the variant bag the context value: name = OS; value = Windows
4074 [17016] INFO perfrun.launcher <> - Put into the variant bag the context value: name = OSBuildNumber; value = 22621
4074 [17016] INFO perfrun.launcher <> - Put into the variant bag the context value: name = OSBitness; value = 64
4075 [17016] INFO perfrun.launcher <> - Put into the variant bag the context value: name = AdministratorPrivileges; value = false
4075 [17016] INFO perfrun.launcher <> - Put into the variant bag the context value: name = isPtraceScopeLimited; value = false
4076 [17016] INFO perfrun.launcher <> - Put into the variant bag the context value: name = isCATSupportedByCPU; value = false
4078 [17016] INFO perfrun.launcher <> - Put into the variant bag the context value: name = isL3MonitoringSupportedByCPU; value = false
4079 [17016] INFO perfrun.launcher <> - Put into the variant bag the context value: name = isTSXAvailable; value = false
4079 [17016] INFO perfrun.launcher <> - Put into the variant bag the context value: name = isPTAvailable; value = false
4079 [17016] INFO perfrun.launcher <> - Put into the variant bag the context value: name = isHTEnabled; value = true
4080 [17016] INFO perfrun.launcher <> - Put into the variant bag the context value: name = fpgaOnBoard; value = None
4080 [17016] INFO perfrun.launcher <> - Put into the variant bag the context value: name = omniPathOnBoard; value = None
4080 [17016] INFO perfrun.launcher <> - Put into the variant bag the context value: name = genArchOnBoard; value = 7
4080 [17016] INFO perfrun.launcher <> - Put into the variant bag the context value: name = pciClassParts; value = 
4081 [17016] INFO perfrun.launcher <> - Put into the variant bag the context value: name = tidValuesForIO; value = 
4081 [17016] INFO perfrun.launcher <> - Put into the variant bag the context value: name = populatedIoParts; value = 
4081 [17016] INFO perfrun.launcher <> - Put into the variant bag the context value: name = populatedIoUnits; value = 
4082 [17016] INFO perfrun.launcher <> - Put into the variant bag the context value: name = populatedTidValuesForIO; value = 
4082 [17016] INFO perfrun.launcher <> - Put into the variant bag the context value: name = isSGXAvailable; value = false
4082 [17016] INFO perfrun.launcher <> - Put into the variant bag the context value: name = Hypervisor; value = Microsoft Hv
4082 [17016] INFO perfrun.launcher <> - Put into the variant bag the context value: name = PerfmonVersion; value = 4
4083 [17016] INFO perfrun.launcher <> - Put into the variant bag the context value: name = isMaxDRAMBandwidthMeasurementSupported; value = false
4083 [17016] INFO perfrun.launcher <> - Put into the variant bag the context value: name = preferedGpuAdapter; value = 0:0:2.0
4083 [17016] INFO perfrun.launcher <> - Put into the variant bag the context value: name = gpuAdapterNameList; value = 0:0:2.0|Intel(R) UHD Graphics 630;
4083 [17016] INFO perfrun.launcher <> - Put into the variant bag the context value: name = gpuAdapterTileNameList; value = 0:0:2.0|Intel(R) UHD Graphics 630|0,;
4083 [17016] INFO perfrun.launcher <> - Put into the variant bag the context value: name = gpuOpenCLDeviceOrder; value = none
4084 [17016] INFO perfrun.launcher <> - Put into the variant bag the context value: name = gpuAdapterNameAliasList; value = 0:0:2.0|Intel(R) UHD Graphics 630|GPU 0;0:1:0.0|NVIDIA GeForce GTX 1070|GPU 1;
4084 [17016] INFO perfrun.launcher <> - Put into the variant bag the context value: name = isEHFIAvailable; value = false
4084 [17016] INFO perfrun.launcher <> - Put into the variant bag the context value: name = areGpuHardwareMetricsAvailableList; value = 0:0:2.0|true;
4084 [17016] INFO perfrun.launcher <> - Put into the variant bag the context value: name = gpuPlatformIndexList; value = 0:0:2.0|18;
4084 [17016] INFO perfrun.launcher <> - Put into the variant bag the context value: name = isTPSSAvailable; value = true
4085 [17016] INFO perfrun.launcher <> - Put into the variant bag the context value: name = isPytraceAvailable; value = true
4085 [17016] INFO perfrun.launcher <> - Put into the variant bag the context value: name = isGENDebugInfoAvailableList; value = 0:0:2.0|true;
4085 [17016] INFO perfrun.launcher <> - Put into the variant bag the context value: name = isGTPinCollectionAvailableList; value = 0:0:2.0|true;
4085 [17016] INFO perfrun.launcher <> - Put into the variant bag the context value: name = forceShowInlines; value = false
4086 [17016] INFO perfrun.launcher <> - Application exit code: 0
4086 [17016] INFO perfrun.launcher <> - Exit code: 0
