Peak bandwidth measurement started...
Peak bandwidth measurement finished.
Analysis started...
Collection has been started.
Result file: D:\Universidade\CHE\CHE\results\advisor\knn\e000\trc000\trc000.advixe 
Application exit code: 0 
Result file: D:\Universidade\CHE\CHE\results\advisor\knn\e000\trc000\trc000.advixe 
Analysis completed
Finalizing results
Finalizing the result
Loading raw data to the database
Loading 'bandwidth_1704071507.hpc' file
Loading 'tripcounts_5976_0.tcs' file
Updating precomputed scalar metrics
Raw data has been loaded to the database, elapsed time is 0.120 seconds.
Processing profile metrics and debug information
Data transformations have been finished, elapsed time is 0.002 seconds.
Setting data model parameters
Resolving module symbols
Resolving information for dangling locations
Resolving information for `knn.exe'
Symbol resolution has been finished, elapsed time is 0.148 seconds.
Processing profile metrics and debug information
Resolving FLOP information
Calculating function call count
Deferred data transformations have been finished, elapsed time is 0.112 seconds.
Setting data model parameters
Data model parameters have been set, elapsed time is 0.016 seconds.
Precomputing frequently used data
Precomputing frequently used data
Updating precomputed scalar metrics
Precomputing frequently used data has been finished, elapsed time is 0.014 seconds.
Discarding redundant overtime data
Saving the result
Redundant overtime data has been discarded, elapsed time is 0.006 seconds.
Raw collector data has been discarded, elapsed time is 0.000 seconds.
Finalizing the result took 0.733 seconds.
Preparing data for display of survey call tree
