<?xml version="1.0" encoding="utf-8"?>
<log version="1.0" tool="runtool">

<msg id="1" tool="runtool">
  <type>log-start</type>
  <arg>2023/12/21 10:28:33</arg>
</msg>
<msg id="2" tool="runtool">
  <type>bandwidth-measurement-starts</type>
</msg>
<msg id="3" tool="runtool">
  <type>bandwidth-measurement-done</type>
</msg>
<msg id="4" tool="runtool">
  <type>collector-starts</type>
</msg>
<msg id="5" tool="runtool">
  <type>marker-file</type>
  <arg>D:\Universidade\CHE\CHE\results\advisor\knn\e000\trc006\trc006.advixe</arg>
</msg>
<msg id="6" tool="trc">
  <type>PROCESS_START</type>
  <arg>D:\Universidade\CHE\CHE\knn-ver1-Oct2023\knn.exe</arg>
  <arg>21824</arg>
  <severity>INFO</severity>
  <timestamp>Thu Dec 21 10:29:06 2023</timestamp>
</msg>
<msg id="7" tool="trc">
  <type>PROCESS_ANALYSIS_MODE</type>
  <arg>full</arg>
  <severity>INFO</severity>
  <timestamp>Thu Dec 21 10:29:06 2023</timestamp>
</msg>
<msg id="8" tool="trc">
  <type>LOAD_MODULE</type>
  <arg>D:\Universidade\CHE\CHE\knn-ver1-Oct2023\knn.exe</arg>
  <arg>0x400000</arg>
  <arg>0x50dfff</arg>
  <arg>no</arg>
  <severity>INFO</severity>
  <timestamp>Thu Dec 21 10:29:06 2023</timestamp>
</msg>
<msg id="9" tool="trc">
  <type>LOAD_MODULE</type>
  <arg>d:\program files (x86)\intel\oneapi\advisor\2024.0\bin64\gtpin\iga_wrapper.dll</arg>
  <arg>0x7ff9cb840000</arg>
  <arg>0x7ff9cba6bfff</arg>
  <arg>yes</arg>
  <severity>INFO</severity>
  <timestamp>Thu Dec 21 10:29:06 2023</timestamp>
</msg>
<msg id="10" tool="trc">
  <type>LOAD_MODULE</type>
  <arg>d:\program files (x86)\intel\oneapi\advisor\2024.0\bin64\gtpin\gtpin_core.dll</arg>
  <arg>0x7ff9cc800000</arg>
  <arg>0x7ff9cca5bfff</arg>
  <arg>yes</arg>
  <severity>INFO</severity>
  <timestamp>Thu Dec 21 10:29:06 2023</timestamp>
</msg>
<msg id="11" tool="trc">
  <type>LOAD_MODULE</type>
  <arg>d:\program files (x86)\intel\oneapi\advisor\2024.0\bin64\gtpin\ged.dll</arg>
  <arg>0x7ff9cca60000</arg>
  <arg>0x7ff9ccba4fff</arg>
  <arg>yes</arg>
  <severity>INFO</severity>
  <timestamp>Thu Dec 21 10:29:06 2023</timestamp>
</msg>
<msg id="12" tool="trc">
  <type>LOAD_MODULE</type>
  <arg>d:\program files (x86)\intel\oneapi\advisor\2024.0\bin64\gtpin\gtpin.dll</arg>
  <arg>0x7ff9ccf30000</arg>
  <arg>0x7ff9ccf73fff</arg>
  <arg>yes</arg>
  <severity>INFO</severity>
  <timestamp>Thu Dec 21 10:29:06 2023</timestamp>
</msg>
<msg id="13" tool="trc">
  <type>LOAD_MODULE</type>
  <arg>C:\WINDOWS\SYSTEM32\VERSION.dll</arg>
  <arg>0x7ffa68630000</arg>
  <arg>0x7ffa68639fff</arg>
  <arg>yes</arg>
  <severity>INFO</severity>
  <timestamp>Thu Dec 21 10:29:06 2023</timestamp>
</msg>
<msg id="14" tool="trc">
  <type>LOAD_MODULE</type>
  <arg>C:\WINDOWS\System32\KERNELBASE.dll</arg>
  <arg>0x7ffa711e0000</arg>
  <arg>0x7ffa71585fff</arg>
  <arg>yes</arg>
  <severity>INFO</severity>
  <timestamp>Thu Dec 21 10:29:06 2023</timestamp>
</msg>
<msg id="15" tool="trc">
  <type>LOAD_MODULE</type>
  <arg>C:\WINDOWS\System32\KERNEL32.DLL</arg>
  <arg>0x7ffa72630000</arg>
  <arg>0x7ffa726f3fff</arg>
  <arg>yes</arg>
  <severity>INFO</severity>
  <timestamp>Thu Dec 21 10:29:06 2023</timestamp>
</msg>
<msg id="16" tool="trc">
  <type>LOAD_MODULE</type>
  <arg>C:\WINDOWS\System32\msvcrt.dll</arg>
  <arg>0x7ffa728a0000</arg>
  <arg>0x7ffa72946fff</arg>
  <arg>yes</arg>
  <severity>INFO</severity>
  <timestamp>Thu Dec 21 10:29:06 2023</timestamp>
</msg>
<msg id="17" tool="trc">
  <type>LOAD_MODULE</type>
  <arg>C:\WINDOWS\SYSTEM32\ntdll.dll</arg>
  <arg>0x7ffa73c30000</arg>
  <arg>0x7ffa73e46fff</arg>
  <arg>yes</arg>
  <severity>INFO</severity>
  <timestamp>Thu Dec 21 10:29:07 2023</timestamp>
</msg>
<msg id="18" tool="trc">
  <type>UNLOAD_MODULE</type>
  <arg>D:\Universidade\CHE\CHE\knn-ver1-Oct2023\knn.exe</arg>
  <severity>INFO</severity>
  <timestamp>Thu Dec 21 10:29:12 2023</timestamp>
</msg>
<msg id="19" tool="trc">
  <type>UNLOAD_MODULE</type>
  <arg>d:\program files (x86)\intel\oneapi\advisor\2024.0\bin64\gtpin\iga_wrapper.dll</arg>
  <severity>INFO</severity>
  <timestamp>Thu Dec 21 10:29:12 2023</timestamp>
</msg>
<msg id="20" tool="trc">
  <type>UNLOAD_MODULE</type>
  <arg>d:\program files (x86)\intel\oneapi\advisor\2024.0\bin64\gtpin\gtpin_core.dll</arg>
  <severity>INFO</severity>
  <timestamp>Thu Dec 21 10:29:12 2023</timestamp>
</msg>
<msg id="21" tool="trc">
  <type>UNLOAD_MODULE</type>
  <arg>d:\program files (x86)\intel\oneapi\advisor\2024.0\bin64\gtpin\ged.dll</arg>
  <severity>INFO</severity>
  <timestamp>Thu Dec 21 10:29:12 2023</timestamp>
</msg>
<msg id="22" tool="trc">
  <type>UNLOAD_MODULE</type>
  <arg>d:\program files (x86)\intel\oneapi\advisor\2024.0\bin64\gtpin\gtpin.dll</arg>
  <severity>INFO</severity>
  <timestamp>Thu Dec 21 10:29:12 2023</timestamp>
</msg>
<msg id="23" tool="trc">
  <type>UNLOAD_MODULE</type>
  <arg>C:\WINDOWS\SYSTEM32\VERSION.dll</arg>
  <severity>INFO</severity>
  <timestamp>Thu Dec 21 10:29:12 2023</timestamp>
</msg>
<msg id="24" tool="trc">
  <type>UNLOAD_MODULE</type>
  <arg>C:\WINDOWS\System32\KERNELBASE.dll</arg>
  <severity>INFO</severity>
  <timestamp>Thu Dec 21 10:29:12 2023</timestamp>
</msg>
<msg id="25" tool="trc">
  <type>UNLOAD_MODULE</type>
  <arg>C:\WINDOWS\System32\KERNEL32.DLL</arg>
  <severity>INFO</severity>
  <timestamp>Thu Dec 21 10:29:12 2023</timestamp>
</msg>
<msg id="26" tool="trc">
  <type>UNLOAD_MODULE</type>
  <arg>C:\WINDOWS\System32\msvcrt.dll</arg>
  <severity>INFO</severity>
  <timestamp>Thu Dec 21 10:29:12 2023</timestamp>
</msg>
<msg id="27" tool="trc">
  <type>UNLOAD_MODULE</type>
  <arg>C:\WINDOWS\SYSTEM32\ntdll.dll</arg>
  <severity>INFO</severity>
  <timestamp>Thu Dec 21 10:29:12 2023</timestamp>
</msg>
<msg id="28" tool="trc">
  <type>PROCESS_FINISH</type>
  <arg>D:\Universidade\CHE\CHE\knn-ver1-Oct2023\knn.exe</arg>
  <arg>21824</arg>
  <arg>0x0</arg>
  <severity>INFO</severity>
  <timestamp>Thu Dec 21 10:29:12 2023</timestamp>
</msg>
<msg id="29" tool="runtool">
  <type>app-exit-code</type>
  <arg>0</arg>
</msg>
<msg id="30" tool="runtool">
  <type>marker-file</type>
  <arg>D:\Universidade\CHE\CHE\results\advisor\knn\e000\trc006\trc006.advixe</arg>
</msg>
<msg id="31" tool="runtool">
  <type>collector-done</type>
</msg>
<msg id="32" tool="runtool">
  <type>log-end</type>
  <arg>2023/12/21 10:29:16</arg>
</msg>

</log>

