<?xml version="1.0" encoding="utf-8" ?>
<!-- DO NOT EDIT THIS FILE -->

<log version='2.0' source='trc'>
	<msg id='1' display='false' source='trc'>
		<type>PROCESS_START</type>
		<severity>INFO</severity>
		<timestamp>Thu Dec 21 10:29:06 2023</timestamp>
		<arg name='process'>D:\Universidade\CHE\CHE\knn-ver1-Oct2023\knn.exe</arg>
		<arg name='pid'>21824</arg>
	</msg>
	<!-- Instrumentation filter's state:
    Patterns applicability:
        Generic loop pattern.....................: enabled
        Generic loop pattern (with dynamic jumps): enabled
        Known trip value loop pattern............: enabled
        Runtime final value loop pattern.........: enabled
        No initial IV loop pattern...............: enabled
        IV step only loop pattern................: enabled
        No entry loop pattern....................: enabled
    Clustered memory model (CMM) applicability:
        Generic loop pattern.....................: enabled
        Generic loop pattern (with dynamic jumps): enabled
        Known trip value loop pattern............: enabled
        Runtime final value loop pattern.........: enabled
        No initial IV loop pattern...............: enabled
        IV step only loop pattern................: enabled
        No entry loop pattern....................: disabled
 -->
	<!-- Callstacks counters have been restricted. -->
	<!-- Callstack mode:
    filter modules.........: true
    filter routines........: true
    count loops............: false
    count flops............: false
    trace..................: false
    extended trace.........: false
    omp trace..............: false
    jit trace..............: false
    failures trace.........: false
    dump raw...............: false
    dump final.............: false
    dump all...............: false
    stack stitching........: true
    stl profiling..........: true
    aggressive frame switch: true
    unwind frame exit......: true
    analyze child loops....: true
 -->
	<!-- Managed application profiling: -->
	<!-- 	State...................: enabled -->
	<!-- Gpu Profiling: -->
	<!-- 	State  : enabled -->
	<!-- 	Filter : * -->
	<!-- 	GPUs   : 0:0:2.0 -->
	<!-- 	Options:  -->
	<!-- Initializing gflopcount, libpath d:\program files (x86)\intel\oneapi\advisor\2024.0\bin64, result path d:\universidade\che\che\results\advisor\knn\e000\trc006\data.0, kernel_filter *, target_gpu 0:0:2.0 -->
	<!-- Initializing function pointers -->
	<!-- Processing ged.dll -->
	<!-- Trying to load d:\program files (x86)\intel\oneapi\advisor\2024.0\bin64\gtpin\ged.dll -->
	<!-- Loaded d:\program files (x86)\intel\oneapi\advisor\2024.0\bin64\gtpin\ged.dll -->
	<!-- Looking for GED_GetSFID -->
	<!-- Found GED_GetSFID -->
	<!-- Looking for GED_GetMsgDesc -->
	<!-- Found GED_GetMsgDesc -->
	<!-- Looking for GED_GetExMsgDescImm -->
	<!-- Found GED_GetExMsgDescImm -->
	<!-- Looking for GED_GetSrc1Length -->
	<!-- Found GED_GetSrc1Length -->
	<!-- Looking for GED_GetMathFC -->
	<!-- Found GED_GetMathFC -->
	<!-- Looking for GED_GetMnemonic -->
	<!-- Found GED_GetMnemonic -->
	<!-- Processing gtpin.dll -->
	<!-- Trying to load d:\program files (x86)\intel\oneapi\advisor\2024.0\bin64\gtpin\gtpin.dll -->
	<!-- Loaded d:\program files (x86)\intel\oneapi\advisor\2024.0\bin64\gtpin\gtpin.dll -->
	<!-- Looking for GTPin_GetCore -->
	<!-- Found GTPin_GetCore -->
	<!-- Setting silent_warnings knob -->
	<!-- Setting msgon knob -->
	<!-- Setting msg_file knob -->
	<!-- Setting output_dir knob -->
	<!-- Setting igc_rera knob -->
	<!-- Creating caches according to description: 56:64w:4k/56:128w:512k/1:408w:204m -->
	<!-- Created cache simulator with the following features: set locker, random set sampler, fast random set mapper, bb attribution, default tag, empty feature with size 213909504, associativity 408, and sampling 0.100000 -->
	<!-- Created cache simulator with the following features: empty feature, random set sampler, fast random set mapper, bb attribution, default tag, empty feature with size 524288, associativity 128, and sampling 0.100000 -->
	<!-- Created cache simulator with the following features: empty feature, random set sampler, fast random set mapper, bb attribution, default tag, empty feature with size 524288, associativity 128, and sampling 0.100000 -->
	<!-- Created cache simulator with the following features: empty feature, random set sampler, fast random set mapper, bb attribution, default tag, empty feature with size 524288, associativity 128, and sampling 0.100000 -->
	<!-- Created cache simulator with the following features: empty feature, random set sampler, fast random set mapper, bb attribution, default tag, empty feature with size 524288, associativity 128, and sampling 0.100000 -->
	<!-- Created cache simulator with the following features: empty feature, random set sampler, fast random set mapper, bb attribution, default tag, empty feature with size 524288, associativity 128, and sampling 0.100000 -->
	<!-- Created cache simulator with the following features: empty feature, random set sampler, fast random set mapper, bb attribution, default tag, empty feature with size 524288, associativity 128, and sampling 0.100000 -->
	<!-- Created cache simulator with the following features: empty feature, random set sampler, fast random set mapper, bb attribution, default tag, empty feature with size 524288, associativity 128, and sampling 0.100000 -->
	<!-- Created cache simulator with the following features: empty feature, random set sampler, fast random set mapper, bb attribution, default tag, empty feature with size 524288, associativity 128, and sampling 0.100000 -->
	<!-- Created cache simulator with the following features: empty feature, random set sampler, fast random set mapper, bb attribution, default tag, empty feature with size 524288, associativity 128, and sampling 0.100000 -->
	<!-- Created cache simulator with the following features: empty feature, random set sampler, fast random set mapper, bb attribution, default tag, empty feature with size 524288, associativity 128, and sampling 0.100000 -->
	<!-- Created cache simulator with the following features: empty feature, random set sampler, fast random set mapper, bb attribution, default tag, empty feature with size 524288, associativity 128, and sampling 0.100000 -->
	<!-- Created cache simulator with the following features: empty feature, random set sampler, fast random set mapper, bb attribution, default tag, empty feature with size 524288, associativity 128, and sampling 0.100000 -->
	<!-- Created cache simulator with the following features: empty feature, random set sampler, fast random set mapper, bb attribution, default tag, empty feature with size 524288, associativity 128, and sampling 0.100000 -->
	<!-- Created cache simulator with the following features: empty feature, random set sampler, fast random set mapper, bb attribution, default tag, empty feature with size 524288, associativity 128, and sampling 0.100000 -->
	<!-- Created cache simulator with the following features: empty feature, random set sampler, fast random set mapper, bb attribution, default tag, empty feature with size 524288, associativity 128, and sampling 0.100000 -->
	<!-- Created cache simulator with the following features: empty feature, random set sampler, fast random set mapper, bb attribution, default tag, empty feature with size 524288, associativity 128, and sampling 0.100000 -->
	<!-- Created cache simulator with the following features: empty feature, random set sampler, fast random set mapper, bb attribution, default tag, empty feature with size 524288, associativity 128, and sampling 0.100000 -->
	<!-- Created cache simulator with the following features: empty feature, random set sampler, fast random set mapper, bb attribution, default tag, empty feature with size 524288, associativity 128, and sampling 0.100000 -->
	<!-- Created cache simulator with the following features: empty feature, random set sampler, fast random set mapper, bb attribution, default tag, empty feature with size 524288, associativity 128, and sampling 0.100000 -->
	<!-- Created cache simulator with the following features: empty feature, random set sampler, fast random set mapper, bb attribution, default tag, empty feature with size 524288, associativity 128, and sampling 0.100000 -->
	<!-- Created cache simulator with the following features: empty feature, random set sampler, fast random set mapper, bb attribution, default tag, empty feature with size 524288, associativity 128, and sampling 0.100000 -->
	<!-- Created cache simulator with the following features: empty feature, random set sampler, fast random set mapper, bb attribution, default tag, empty feature with size 524288, associativity 128, and sampling 0.100000 -->
	<!-- Created cache simulator with the following features: empty feature, random set sampler, fast random set mapper, bb attribution, default tag, empty feature with size 524288, associativity 128, and sampling 0.100000 -->
	<!-- Created cache simulator with the following features: empty feature, random set sampler, fast random set mapper, bb attribution, default tag, empty feature with size 524288, associativity 128, and sampling 0.100000 -->
	<!-- Created cache simulator with the following features: empty feature, random set sampler, fast random set mapper, bb attribution, default tag, empty feature with size 524288, associativity 128, and sampling 0.100000 -->
	<!-- Created cache simulator with the following features: empty feature, random set sampler, fast random set mapper, bb attribution, default tag, empty feature with size 524288, associativity 128, and sampling 0.100000 -->
	<!-- Created cache simulator with the following features: empty feature, random set sampler, fast random set mapper, bb attribution, default tag, empty feature with size 524288, associativity 128, and sampling 0.100000 -->
	<!-- Created cache simulator with the following features: empty feature, random set sampler, fast random set mapper, bb attribution, default tag, empty feature with size 524288, associativity 128, and sampling 0.100000 -->
	<!-- Created cache simulator with the following features: empty feature, random set sampler, fast random set mapper, bb attribution, default tag, empty feature with size 524288, associativity 128, and sampling 0.100000 -->
	<!-- Created cache simulator with the following features: empty feature, random set sampler, fast random set mapper, bb attribution, default tag, empty feature with size 524288, associativity 128, and sampling 0.100000 -->
	<!-- Created cache simulator with the following features: empty feature, random set sampler, fast random set mapper, bb attribution, default tag, empty feature with size 524288, associativity 128, and sampling 0.100000 -->
	<!-- Created cache simulator with the following features: empty feature, random set sampler, fast random set mapper, bb attribution, default tag, empty feature with size 524288, associativity 128, and sampling 0.100000 -->
	<!-- Created cache simulator with the following features: empty feature, random set sampler, fast random set mapper, bb attribution, default tag, empty feature with size 524288, associativity 128, and sampling 0.100000 -->
	<!-- Created cache simulator with the following features: empty feature, random set sampler, fast random set mapper, bb attribution, default tag, empty feature with size 524288, associativity 128, and sampling 0.100000 -->
	<!-- Created cache simulator with the following features: empty feature, random set sampler, fast random set mapper, bb attribution, default tag, empty feature with size 524288, associativity 128, and sampling 0.100000 -->
	<!-- Created cache simulator with the following features: empty feature, random set sampler, fast random set mapper, bb attribution, default tag, empty feature with size 524288, associativity 128, and sampling 0.100000 -->
	<!-- Created cache simulator with the following features: empty feature, random set sampler, fast random set mapper, bb attribution, default tag, empty feature with size 524288, associativity 128, and sampling 0.100000 -->
	<!-- Created cache simulator with the following features: empty feature, random set sampler, fast random set mapper, bb attribution, default tag, empty feature with size 524288, associativity 128, and sampling 0.100000 -->
	<!-- Created cache simulator with the following features: empty feature, random set sampler, fast random set mapper, bb attribution, default tag, empty feature with size 524288, associativity 128, and sampling 0.100000 -->
	<!-- Created cache simulator with the following features: empty feature, random set sampler, fast random set mapper, bb attribution, default tag, empty feature with size 524288, associativity 128, and sampling 0.100000 -->
	<!-- Created cache simulator with the following features: empty feature, random set sampler, fast random set mapper, bb attribution, default tag, empty feature with size 524288, associativity 128, and sampling 0.100000 -->
	<!-- Created cache simulator with the following features: empty feature, random set sampler, fast random set mapper, bb attribution, default tag, empty feature with size 524288, associativity 128, and sampling 0.100000 -->
	<!-- Created cache simulator with the following features: empty feature, random set sampler, fast random set mapper, bb attribution, default tag, empty feature with size 524288, associativity 128, and sampling 0.100000 -->
	<!-- Created cache simulator with the following features: empty feature, random set sampler, fast random set mapper, bb attribution, default tag, empty feature with size 524288, associativity 128, and sampling 0.100000 -->
	<!-- Created cache simulator with the following features: empty feature, random set sampler, fast random set mapper, bb attribution, default tag, empty feature with size 524288, associativity 128, and sampling 0.100000 -->
	<!-- Created cache simulator with the following features: empty feature, random set sampler, fast random set mapper, bb attribution, default tag, empty feature with size 524288, associativity 128, and sampling 0.100000 -->
	<!-- Created cache simulator with the following features: empty feature, random set sampler, fast random set mapper, bb attribution, default tag, empty feature with size 524288, associativity 128, and sampling 0.100000 -->
	<!-- Created cache simulator with the following features: empty feature, random set sampler, fast random set mapper, bb attribution, default tag, empty feature with size 524288, associativity 128, and sampling 0.100000 -->
	<!-- Created cache simulator with the following features: empty feature, random set sampler, fast random set mapper, bb attribution, default tag, empty feature with size 524288, associativity 128, and sampling 0.100000 -->
	<!-- Created cache simulator with the following features: empty feature, random set sampler, fast random set mapper, bb attribution, default tag, empty feature with size 524288, associativity 128, and sampling 0.100000 -->
	<!-- Created cache simulator with the following features: empty feature, random set sampler, fast random set mapper, bb attribution, default tag, empty feature with size 524288, associativity 128, and sampling 0.100000 -->
	<!-- Created cache simulator with the following features: empty feature, random set sampler, fast random set mapper, bb attribution, default tag, empty feature with size 524288, associativity 128, and sampling 0.100000 -->
	<!-- Created cache simulator with the following features: empty feature, random set sampler, fast random set mapper, bb attribution, default tag, empty feature with size 524288, associativity 128, and sampling 0.100000 -->
	<!-- Created cache simulator with the following features: empty feature, random set sampler, fast random set mapper, bb attribution, default tag, empty feature with size 524288, associativity 128, and sampling 0.100000 -->
	<!-- Created cache simulator with the following features: empty feature, random set sampler, fast random set mapper, bb attribution, default tag, empty feature with size 524288, associativity 128, and sampling 0.100000 -->
	<!-- Created cache simulator with the following features: empty feature, random set sampler, fast random set mapper, bb attribution, default tag, empty feature with size 524288, associativity 128, and sampling 0.100000 -->
	<!-- Created cache simulator with the following features: empty feature, empty feature, fast trivial set mapper, bb attribution, default tag, empty feature with size 4096, associativity 64, and sampling 1.000000 -->
	<!-- Created cache simulator with the following features: empty feature, empty feature, fast trivial set mapper, bb attribution, default tag, empty feature with size 4096, associativity 64, and sampling 1.000000 -->
	<!-- Created cache simulator with the following features: empty feature, empty feature, fast trivial set mapper, bb attribution, default tag, empty feature with size 4096, associativity 64, and sampling 1.000000 -->
	<!-- Created cache simulator with the following features: empty feature, empty feature, fast trivial set mapper, bb attribution, default tag, empty feature with size 4096, associativity 64, and sampling 1.000000 -->
	<!-- Created cache simulator with the following features: empty feature, empty feature, fast trivial set mapper, bb attribution, default tag, empty feature with size 4096, associativity 64, and sampling 1.000000 -->
	<!-- Created cache simulator with the following features: empty feature, empty feature, fast trivial set mapper, bb attribution, default tag, empty feature with size 4096, associativity 64, and sampling 1.000000 -->
	<!-- Created cache simulator with the following features: empty feature, empty feature, fast trivial set mapper, bb attribution, default tag, empty feature with size 4096, associativity 64, and sampling 1.000000 -->
	<!-- Created cache simulator with the following features: empty feature, empty feature, fast trivial set mapper, bb attribution, default tag, empty feature with size 4096, associativity 64, and sampling 1.000000 -->
	<!-- Created cache simulator with the following features: empty feature, empty feature, fast trivial set mapper, bb attribution, default tag, empty feature with size 4096, associativity 64, and sampling 1.000000 -->
	<!-- Created cache simulator with the following features: empty feature, empty feature, fast trivial set mapper, bb attribution, default tag, empty feature with size 4096, associativity 64, and sampling 1.000000 -->
	<!-- Created cache simulator with the following features: empty feature, empty feature, fast trivial set mapper, bb attribution, default tag, empty feature with size 4096, associativity 64, and sampling 1.000000 -->
	<!-- Created cache simulator with the following features: empty feature, empty feature, fast trivial set mapper, bb attribution, default tag, empty feature with size 4096, associativity 64, and sampling 1.000000 -->
	<!-- Created cache simulator with the following features: empty feature, empty feature, fast trivial set mapper, bb attribution, default tag, empty feature with size 4096, associativity 64, and sampling 1.000000 -->
	<!-- Created cache simulator with the following features: empty feature, empty feature, fast trivial set mapper, bb attribution, default tag, empty feature with size 4096, associativity 64, and sampling 1.000000 -->
	<!-- Created cache simulator with the following features: empty feature, empty feature, fast trivial set mapper, bb attribution, default tag, empty feature with size 4096, associativity 64, and sampling 1.000000 -->
	<!-- Created cache simulator with the following features: empty feature, empty feature, fast trivial set mapper, bb attribution, default tag, empty feature with size 4096, associativity 64, and sampling 1.000000 -->
	<!-- Created cache simulator with the following features: empty feature, empty feature, fast trivial set mapper, bb attribution, default tag, empty feature with size 4096, associativity 64, and sampling 1.000000 -->
	<!-- Created cache simulator with the following features: empty feature, empty feature, fast trivial set mapper, bb attribution, default tag, empty feature with size 4096, associativity 64, and sampling 1.000000 -->
	<!-- Created cache simulator with the following features: empty feature, empty feature, fast trivial set mapper, bb attribution, default tag, empty feature with size 4096, associativity 64, and sampling 1.000000 -->
	<!-- Created cache simulator with the following features: empty feature, empty feature, fast trivial set mapper, bb attribution, default tag, empty feature with size 4096, associativity 64, and sampling 1.000000 -->
	<!-- Created cache simulator with the following features: empty feature, empty feature, fast trivial set mapper, bb attribution, default tag, empty feature with size 4096, associativity 64, and sampling 1.000000 -->
	<!-- Created cache simulator with the following features: empty feature, empty feature, fast trivial set mapper, bb attribution, default tag, empty feature with size 4096, associativity 64, and sampling 1.000000 -->
	<!-- Created cache simulator with the following features: empty feature, empty feature, fast trivial set mapper, bb attribution, default tag, empty feature with size 4096, associativity 64, and sampling 1.000000 -->
	<!-- Created cache simulator with the following features: empty feature, empty feature, fast trivial set mapper, bb attribution, default tag, empty feature with size 4096, associativity 64, and sampling 1.000000 -->
	<!-- Created cache simulator with the following features: empty feature, empty feature, fast trivial set mapper, bb attribution, default tag, empty feature with size 4096, associativity 64, and sampling 1.000000 -->
	<!-- Created cache simulator with the following features: empty feature, empty feature, fast trivial set mapper, bb attribution, default tag, empty feature with size 4096, associativity 64, and sampling 1.000000 -->
	<!-- Created cache simulator with the following features: empty feature, empty feature, fast trivial set mapper, bb attribution, default tag, empty feature with size 4096, associativity 64, and sampling 1.000000 -->
	<!-- Created cache simulator with the following features: empty feature, empty feature, fast trivial set mapper, bb attribution, default tag, empty feature with size 4096, associativity 64, and sampling 1.000000 -->
	<!-- Created cache simulator with the following features: empty feature, empty feature, fast trivial set mapper, bb attribution, default tag, empty feature with size 4096, associativity 64, and sampling 1.000000 -->
	<!-- Created cache simulator with the following features: empty feature, empty feature, fast trivial set mapper, bb attribution, default tag, empty feature with size 4096, associativity 64, and sampling 1.000000 -->
	<!-- Created cache simulator with the following features: empty feature, empty feature, fast trivial set mapper, bb attribution, default tag, empty feature with size 4096, associativity 64, and sampling 1.000000 -->
	<!-- Created cache simulator with the following features: empty feature, empty feature, fast trivial set mapper, bb attribution, default tag, empty feature with size 4096, associativity 64, and sampling 1.000000 -->
	<!-- Created cache simulator with the following features: empty feature, empty feature, fast trivial set mapper, bb attribution, default tag, empty feature with size 4096, associativity 64, and sampling 1.000000 -->
	<!-- Created cache simulator with the following features: empty feature, empty feature, fast trivial set mapper, bb attribution, default tag, empty feature with size 4096, associativity 64, and sampling 1.000000 -->
	<!-- Created cache simulator with the following features: empty feature, empty feature, fast trivial set mapper, bb attribution, default tag, empty feature with size 4096, associativity 64, and sampling 1.000000 -->
	<!-- Created cache simulator with the following features: empty feature, empty feature, fast trivial set mapper, bb attribution, default tag, empty feature with size 4096, associativity 64, and sampling 1.000000 -->
	<!-- Created cache simulator with the following features: empty feature, empty feature, fast trivial set mapper, bb attribution, default tag, empty feature with size 4096, associativity 64, and sampling 1.000000 -->
	<!-- Created cache simulator with the following features: empty feature, empty feature, fast trivial set mapper, bb attribution, default tag, empty feature with size 4096, associativity 64, and sampling 1.000000 -->
	<!-- Created cache simulator with the following features: empty feature, empty feature, fast trivial set mapper, bb attribution, default tag, empty feature with size 4096, associativity 64, and sampling 1.000000 -->
	<!-- Created cache simulator with the following features: empty feature, empty feature, fast trivial set mapper, bb attribution, default tag, empty feature with size 4096, associativity 64, and sampling 1.000000 -->
	<!-- Created cache simulator with the following features: empty feature, empty feature, fast trivial set mapper, bb attribution, default tag, empty feature with size 4096, associativity 64, and sampling 1.000000 -->
	<!-- Created cache simulator with the following features: empty feature, empty feature, fast trivial set mapper, bb attribution, default tag, empty feature with size 4096, associativity 64, and sampling 1.000000 -->
	<!-- Created cache simulator with the following features: empty feature, empty feature, fast trivial set mapper, bb attribution, default tag, empty feature with size 4096, associativity 64, and sampling 1.000000 -->
	<!-- Created cache simulator with the following features: empty feature, empty feature, fast trivial set mapper, bb attribution, default tag, empty feature with size 4096, associativity 64, and sampling 1.000000 -->
	<!-- Created cache simulator with the following features: empty feature, empty feature, fast trivial set mapper, bb attribution, default tag, empty feature with size 4096, associativity 64, and sampling 1.000000 -->
	<!-- Created cache simulator with the following features: empty feature, empty feature, fast trivial set mapper, bb attribution, default tag, empty feature with size 4096, associativity 64, and sampling 1.000000 -->
	<!-- Created cache simulator with the following features: empty feature, empty feature, fast trivial set mapper, bb attribution, default tag, empty feature with size 4096, associativity 64, and sampling 1.000000 -->
	<!-- Created cache simulator with the following features: empty feature, empty feature, fast trivial set mapper, bb attribution, default tag, empty feature with size 4096, associativity 64, and sampling 1.000000 -->
	<!-- Created cache simulator with the following features: empty feature, empty feature, fast trivial set mapper, bb attribution, default tag, empty feature with size 4096, associativity 64, and sampling 1.000000 -->
	<!-- Created cache simulator with the following features: empty feature, empty feature, fast trivial set mapper, bb attribution, default tag, empty feature with size 4096, associativity 64, and sampling 1.000000 -->
	<!-- Created cache simulator with the following features: empty feature, empty feature, fast trivial set mapper, bb attribution, default tag, empty feature with size 4096, associativity 64, and sampling 1.000000 -->
	<!-- Created cache simulator with the following features: empty feature, empty feature, fast trivial set mapper, bb attribution, default tag, empty feature with size 4096, associativity 64, and sampling 1.000000 -->
	<!-- Created cache simulator with the following features: empty feature, empty feature, fast trivial set mapper, bb attribution, default tag, empty feature with size 4096, associativity 64, and sampling 1.000000 -->
	<!-- Created cache simulator with the following features: empty feature, empty feature, fast trivial set mapper, bb attribution, default tag, empty feature with size 4096, associativity 64, and sampling 1.000000 -->
	<!-- Created cache simulator with the following features: empty feature, empty feature, fast trivial set mapper, bb attribution, default tag, empty feature with size 4096, associativity 64, and sampling 1.000000 -->
	<!-- Created cache simulator with the following features: empty feature, empty feature, fast trivial set mapper, bb attribution, default tag, empty feature with size 4096, associativity 64, and sampling 1.000000 -->
	<!-- Cache hierarchy created. Status=success -->
	<msg id='2' display='false' source='trc'>
		<type>PROCESS_ANALYSIS_MODE</type>
		<severity>INFO</severity>
		<timestamp>Thu Dec 21 10:29:06 2023</timestamp>
		<arg name='mode'>full</arg>
	</msg>
	<!-- gflopcount processes D:\Universidade\CHE\CHE\knn-ver1-Oct2023\knn.exe -->
	<!-- Update image info for [1:0x400000:NN] D:\Universidade\CHE\CHE\knn-ver1-Oct2023\knn.exe -->
	<msg id='3' display='false' source='trc'>
		<type>LOAD_MODULE</type>
		<severity>INFO</severity>
		<timestamp>Thu Dec 21 10:29:06 2023</timestamp>
		<arg name='module'>D:\Universidade\CHE\CHE\knn-ver1-Oct2023\knn.exe</arg>
		<arg name='basement'>0x400000</arg>
		<arg name='ceiling'>0x50dfff</arg>
		<arg name='symtab'>no</arg>
	</msg>
	<!-- Instrumentation of D:\Universidade\CHE\CHE\knn-ver1-Oct2023\knn.exe image skipped because of no symbols and stripped binaries profiling is disabled. -->
	<!-- gflopcount processes d:\program files (x86)\intel\oneapi\advisor\2024.0\bin64\gtpin\iga_wrapper.dll -->
	<!-- Update image info for [2:0xCB840000:YN] d:\program files (x86)\intel\oneapi\advisor\2024.0\bin64\gtpin\iga_wrapper.dll -->
	<msg id='4' display='false' source='trc'>
		<type>LOAD_MODULE</type>
		<severity>INFO</severity>
		<timestamp>Thu Dec 21 10:29:06 2023</timestamp>
		<arg name='module'>d:\program files (x86)\intel\oneapi\advisor\2024.0\bin64\gtpin\iga_wrapper.dll</arg>
		<arg name='basement'>0x7ff9cb840000</arg>
		<arg name='ceiling'>0x7ff9cba6bfff</arg>
		<arg name='symtab'>yes</arg>
	</msg>
	<!-- Instrumentation of d:\program files (x86)\intel\oneapi\advisor\2024.0\bin64\gtpin\iga_wrapper.dll image skipped because of filter conditions [cs-mode]. -->
	<!-- gflopcount processes d:\program files (x86)\intel\oneapi\advisor\2024.0\bin64\gtpin\gtpin_core.dll -->
	<!-- Update image info for [3:0xCC800000:YN] d:\program files (x86)\intel\oneapi\advisor\2024.0\bin64\gtpin\gtpin_core.dll -->
	<msg id='5' display='false' source='trc'>
		<type>LOAD_MODULE</type>
		<severity>INFO</severity>
		<timestamp>Thu Dec 21 10:29:06 2023</timestamp>
		<arg name='module'>d:\program files (x86)\intel\oneapi\advisor\2024.0\bin64\gtpin\gtpin_core.dll</arg>
		<arg name='basement'>0x7ff9cc800000</arg>
		<arg name='ceiling'>0x7ff9cca5bfff</arg>
		<arg name='symtab'>yes</arg>
	</msg>
	<!-- Instrumentation of d:\program files (x86)\intel\oneapi\advisor\2024.0\bin64\gtpin\gtpin_core.dll image skipped because of filter conditions [cs-mode]. -->
	<!-- gflopcount processes d:\program files (x86)\intel\oneapi\advisor\2024.0\bin64\gtpin\ged.dll -->
	<!-- Update image info for [4:0xCCA60000:YN] d:\program files (x86)\intel\oneapi\advisor\2024.0\bin64\gtpin\ged.dll -->
	<msg id='6' display='false' source='trc'>
		<type>LOAD_MODULE</type>
		<severity>INFO</severity>
		<timestamp>Thu Dec 21 10:29:06 2023</timestamp>
		<arg name='module'>d:\program files (x86)\intel\oneapi\advisor\2024.0\bin64\gtpin\ged.dll</arg>
		<arg name='basement'>0x7ff9cca60000</arg>
		<arg name='ceiling'>0x7ff9ccba4fff</arg>
		<arg name='symtab'>yes</arg>
	</msg>
	<!-- Instrumentation of d:\program files (x86)\intel\oneapi\advisor\2024.0\bin64\gtpin\ged.dll image skipped because of filter conditions [cs-mode]. -->
	<!-- gflopcount processes d:\program files (x86)\intel\oneapi\advisor\2024.0\bin64\gtpin\gtpin.dll -->
	<!-- Update image info for [5:0xCCF30000:YN] d:\program files (x86)\intel\oneapi\advisor\2024.0\bin64\gtpin\gtpin.dll -->
	<msg id='7' display='false' source='trc'>
		<type>LOAD_MODULE</type>
		<severity>INFO</severity>
		<timestamp>Thu Dec 21 10:29:06 2023</timestamp>
		<arg name='module'>d:\program files (x86)\intel\oneapi\advisor\2024.0\bin64\gtpin\gtpin.dll</arg>
		<arg name='basement'>0x7ff9ccf30000</arg>
		<arg name='ceiling'>0x7ff9ccf73fff</arg>
		<arg name='symtab'>yes</arg>
	</msg>
	<!-- Instrumentation of d:\program files (x86)\intel\oneapi\advisor\2024.0\bin64\gtpin\gtpin.dll image skipped because of filter conditions [cs-mode]. -->
	<!-- gflopcount processes C:\WINDOWS\SYSTEM32\VERSION.dll -->
	<!-- Update image info for [6:0x68630000:YN] C:\WINDOWS\SYSTEM32\VERSION.dll -->
	<msg id='8' display='false' source='trc'>
		<type>LOAD_MODULE</type>
		<severity>INFO</severity>
		<timestamp>Thu Dec 21 10:29:06 2023</timestamp>
		<arg name='module'>C:\WINDOWS\SYSTEM32\VERSION.dll</arg>
		<arg name='basement'>0x7ffa68630000</arg>
		<arg name='ceiling'>0x7ffa68639fff</arg>
		<arg name='symtab'>yes</arg>
	</msg>
	<!-- Instrumentation of C:\WINDOWS\SYSTEM32\VERSION.dll image skipped because of filter conditions [cs-mode]. -->
	<!-- gflopcount processes C:\WINDOWS\System32\KERNELBASE.dll -->
	<!-- Update image info for [7:0x711E0000:YN] C:\WINDOWS\System32\KERNELBASE.dll -->
	<msg id='9' display='false' source='trc'>
		<type>LOAD_MODULE</type>
		<severity>INFO</severity>
		<timestamp>Thu Dec 21 10:29:06 2023</timestamp>
		<arg name='module'>C:\WINDOWS\System32\KERNELBASE.dll</arg>
		<arg name='basement'>0x7ffa711e0000</arg>
		<arg name='ceiling'>0x7ffa71585fff</arg>
		<arg name='symtab'>yes</arg>
	</msg>
	<!-- Instrumentation of C:\WINDOWS\System32\KERNELBASE.dll image skipped because of filter conditions [cs-mode]. -->
	<!-- gflopcount processes C:\WINDOWS\System32\KERNEL32.DLL -->
	<!-- Update image info for [8:0x72630000:YN] C:\WINDOWS\System32\KERNEL32.DLL -->
	<msg id='10' display='false' source='trc'>
		<type>LOAD_MODULE</type>
		<severity>INFO</severity>
		<timestamp>Thu Dec 21 10:29:06 2023</timestamp>
		<arg name='module'>C:\WINDOWS\System32\KERNEL32.DLL</arg>
		<arg name='basement'>0x7ffa72630000</arg>
		<arg name='ceiling'>0x7ffa726f3fff</arg>
		<arg name='symtab'>yes</arg>
	</msg>
	<!-- Instrumentation of C:\WINDOWS\System32\KERNEL32.DLL image skipped because of filter conditions [cs-mode]. -->
	<!-- gflopcount processes C:\WINDOWS\System32\msvcrt.dll -->
	<!-- Update image info for [9:0x728A0000:YN] C:\WINDOWS\System32\msvcrt.dll -->
	<msg id='11' display='false' source='trc'>
		<type>LOAD_MODULE</type>
		<severity>INFO</severity>
		<timestamp>Thu Dec 21 10:29:06 2023</timestamp>
		<arg name='module'>C:\WINDOWS\System32\msvcrt.dll</arg>
		<arg name='basement'>0x7ffa728a0000</arg>
		<arg name='ceiling'>0x7ffa72946fff</arg>
		<arg name='symtab'>yes</arg>
	</msg>
	<!-- Instrumentation of C:\WINDOWS\System32\msvcrt.dll image skipped because of filter conditions [cs-mode]. -->
	<!-- gflopcount processes C:\WINDOWS\SYSTEM32\ntdll.dll -->
	<!-- NtDelayExecution was replaced in ntdll.dll -->
	<!-- Update image info for [10:0x73C30000:YN] C:\WINDOWS\SYSTEM32\ntdll.dll -->
	<msg id='12' display='false' source='trc'>
		<type>LOAD_MODULE</type>
		<severity>INFO</severity>
		<timestamp>Thu Dec 21 10:29:07 2023</timestamp>
		<arg name='module'>C:\WINDOWS\SYSTEM32\ntdll.dll</arg>
		<arg name='basement'>0x7ffa73c30000</arg>
		<arg name='ceiling'>0x7ffa73e46fff</arg>
		<arg name='symtab'>yes</arg>
	</msg>
	<!-- Instrumentation of C:\WINDOWS\SYSTEM32\ntdll.dll image skipped because of filter conditions [cs-mode]. -->
	<msg id='13' display='false' source='trc'>
		<type>UNLOAD_MODULE</type>
		<severity>INFO</severity>
		<timestamp>Thu Dec 21 10:29:12 2023</timestamp>
		<arg name='module'>D:\Universidade\CHE\CHE\knn-ver1-Oct2023\knn.exe</arg>
	</msg>
	<msg id='14' display='false' source='trc'>
		<type>UNLOAD_MODULE</type>
		<severity>INFO</severity>
		<timestamp>Thu Dec 21 10:29:12 2023</timestamp>
		<arg name='module'>d:\program files (x86)\intel\oneapi\advisor\2024.0\bin64\gtpin\iga_wrapper.dll</arg>
	</msg>
	<msg id='15' display='false' source='trc'>
		<type>UNLOAD_MODULE</type>
		<severity>INFO</severity>
		<timestamp>Thu Dec 21 10:29:12 2023</timestamp>
		<arg name='module'>d:\program files (x86)\intel\oneapi\advisor\2024.0\bin64\gtpin\gtpin_core.dll</arg>
	</msg>
	<msg id='16' display='false' source='trc'>
		<type>UNLOAD_MODULE</type>
		<severity>INFO</severity>
		<timestamp>Thu Dec 21 10:29:12 2023</timestamp>
		<arg name='module'>d:\program files (x86)\intel\oneapi\advisor\2024.0\bin64\gtpin\ged.dll</arg>
	</msg>
	<msg id='17' display='false' source='trc'>
		<type>UNLOAD_MODULE</type>
		<severity>INFO</severity>
		<timestamp>Thu Dec 21 10:29:12 2023</timestamp>
		<arg name='module'>d:\program files (x86)\intel\oneapi\advisor\2024.0\bin64\gtpin\gtpin.dll</arg>
	</msg>
	<msg id='18' display='false' source='trc'>
		<type>UNLOAD_MODULE</type>
		<severity>INFO</severity>
		<timestamp>Thu Dec 21 10:29:12 2023</timestamp>
		<arg name='module'>C:\WINDOWS\SYSTEM32\VERSION.dll</arg>
	</msg>
	<msg id='19' display='false' source='trc'>
		<type>UNLOAD_MODULE</type>
		<severity>INFO</severity>
		<timestamp>Thu Dec 21 10:29:12 2023</timestamp>
		<arg name='module'>C:\WINDOWS\System32\KERNELBASE.dll</arg>
	</msg>
	<msg id='20' display='false' source='trc'>
		<type>UNLOAD_MODULE</type>
		<severity>INFO</severity>
		<timestamp>Thu Dec 21 10:29:12 2023</timestamp>
		<arg name='module'>C:\WINDOWS\System32\KERNEL32.DLL</arg>
	</msg>
	<msg id='21' display='false' source='trc'>
		<type>UNLOAD_MODULE</type>
		<severity>INFO</severity>
		<timestamp>Thu Dec 21 10:29:12 2023</timestamp>
		<arg name='module'>C:\WINDOWS\System32\msvcrt.dll</arg>
	</msg>
	<msg id='22' display='false' source='trc'>
		<type>UNLOAD_MODULE</type>
		<severity>INFO</severity>
		<timestamp>Thu Dec 21 10:29:12 2023</timestamp>
		<arg name='module'>C:\WINDOWS\SYSTEM32\ntdll.dll</arg>
	</msg>
	<msg id='23' display='false' source='trc'>
		<type>PROCESS_FINISH</type>
		<severity>INFO</severity>
		<timestamp>Thu Dec 21 10:29:12 2023</timestamp>
		<arg name='process'>D:\Universidade\CHE\CHE\knn-ver1-Oct2023\knn.exe</arg>
		<arg name='pid'>21824</arg>
		<arg name='exitcode'>0x0</arg>
	</msg>
	<!-- Application exited with code 0 -->
</log>