175 [9368] INFO perfrun.launcher <> - Launcher main begin
188 [9368] INFO perfrun.launcher <> - MessageCatalogInit finished
189 [9368] INFO perfrun.launcher <> - Launcher instance created
189 [9368] INFO perfrun.launcher <> - argc = 7; cmdline = D:\Program Files (x86)\Intel\oneAPI\vtune\2024.0\bin64\amplxe-runss.exe --ui-output-format xml --ui-output-fd 1104 --option-file D:\Universidade\CHE\CHE\project\results\vtune\knn\r000ps\config\runss.options 
220 [9368] INFO perfrun.launcher <> - New signal handler callback was added
3361 [9368] INFO perfrun.launcher <> - create msngr2::ICliToolContext
3361 [9368] INFO perfrun.launcher <> - create file finder object
3362 [9368] INFO perfrun.launcher <> - create a result directory: pattern = D:\Universidade\CHE\CHE\project\results\vtune\knn\r000ps pid = 4294967295
3368 [9368] INFO perfrun.launcher <> - create data directory = D:\Universidade\CHE\CHE\project\results\vtune\knn\r000ps\data.0
3369 [9368] INFO perfrun.launcher <> - Creating the master collection flag
3391 [9368] INFO perfrun.launcher <> - Done creating the master collection flag
3391 [3504] INFO perfrun.launcher <> - plugin [remoteplug] was disabled because it doesn't support the given collection type.
3392 [3504] INFO perfrun.sdk <> - Allocating TMU :D:\Universidade\CHE\CHE\project\results\vtune\knn\r000ps\data.0\systemcollector-8500-ZPMSI.sc
3393 [3504] INFO perfrun.launcher <> - plugin [] was disabled because it doesn't support the given collection type.
3397 [3504] INFO perfrun.launcher <> - plugin [] was disabled because it doesn't support the given collection type.
3397 [3504] INFO perfrun.launcher <> - plugin [gpu] was disabled because it doesn't support the given collection type.
3397 [3504] INFO perfrun.launcher <> - plugin [etw.kernel] was disabled because it doesn't support the given collection type.
3397 [3504] INFO perfrun.launcher <> - plugin [etw.dx] was disabled because it doesn't support the given collection type.
3397 [3504] INFO perfrun.launcher <> - plugin [etw.wsa] was disabled because it doesn't support the given collection type.
3397 [3504] INFO perfrun.mrte <> - system-wide mode is 0
3398 [3504] INFO perfrun.mrte <> - Getting  mrte profiling environment ...
3442 [3504] INFO perfrun.mrte <> - INTEL_MRTE_DATA_DIR=D:\Universidade\CHE\CHE\project\results\vtune\knn\r000ps\data.0
3442 [3504] INFO perfrun.mrte <> - INTEL_MRTE_HOST_NAME=ZPMSI
3442 [3504] INFO perfrun.mrte <> - JAVA_TOOL_OPTIONS=-agentlib:amplxe_tpssmrte_javaprof_1.0
3442 [3504] INFO perfrun.mrte <> - PATH=D:\Program Files (x86)\Intel\oneAPI\vtune\2024.0\bin32\runtime;D:\Program Files (x86)\Intel\oneAPI\vtune\2024.0\bin64\runtime;C:\Program Files\Microsoft SDKs\Azure\CLI2\wbin;D:\Programas\PlasticSCM5\server;D:\Programas\PlasticSCM5\client;C:\Python310\Scripts\;C:\Python310\;C:\Program Files\Common Files\Oracle\Java\javapath;C:\Program Files (x86)\Common Files\Oracle\Java\javapath;C:\WINDOWS\system32;C:\WINDOWS;C:\WINDOWS\System32\Wbem;C:\WINDOWS\System32\WindowsPowerShell\v1.0\;C:\WINDOWS\System32\OpenSSH\;C:\Program Files\NVIDIA Corporation\NVIDIA NvDLISR;C:\Program Files (x86)\NVIDIA Corporation\PhysX\Common;C:\Program Files\dotnet\;C:\Program Files\Microsoft SQL Server\130\Tools\Binn\;C:\Program Files\Microsoft SQL Server\Client SDK\ODBC\170\Tools\Binn\;C;C:\Program Files\Git\cmd;C:\ProgramData\chocolatey\bin;C:\Program Files\Portugal Identity Card\;C:\Program Files\php-8.1.1-Win32-vs16-x64;C:\composer;C:\Users\MSI\AppData\Local\Android\Sdk\platform-tools;C:\Program Files\Jadx\jadx-1.2.0\bin;C:\WINDOWS\system32;C:\WINDOWS;C:\WINDOWS\System32\Wbem;C:\WINDOWS\System32\WindowsPowerShell\v1.0\;C:\WINDOWS\System32\OpenSSH\;C:\Program Files\WireGuard\;C:\Program Files\Docke;C:\Program Files\Go\bin;C:\Users\MSI\AppData\Local\Microsoft\WindowsApps;C:\Users\MSI\.dotnet\tools;C:\Windows.old\Users\MSI\AppData\Local\GitHubDesktop\bin;C:\Users\MSI\AppData\Local\Programs\Microsoft VS Code\bin;C:\Users\MSI\AppData\Local\atom\bin;C:\Users\MSI\AppData\Roaming\cabal\bin;C:\tools\ghc-9.0.1\bin;C:\tools\msys64;C:\Users\MSI\AppData\Roaming\Composer\vendor\bin;C:\Users\MSI\AppData\Roaming\npm;C:\Users\MSI\Desktop\Universidade\flutter\bin;C:\Program Files\Java\javacc21-master\javacc21-master\bin;C:\Gradle\gradle-7.4.1-bin\gradle-7.4.1\bin;C:\Program Files\Java\jdk-11.0.10\bin;C:\tools\dart-sdk\bin;C:\Users\MSI\AppData\Roaming\Pub\Cache\bin;C:\tools\dart-sdk;C:\Users\MSI\AppData\Local\Android\Sdk\platform-tools;C:\Program Files\Jadx\jadx-1.2.0\bin;C:\Users\MSI\AppData\Local\Microsoft\WindowsApps;C:\Users\MSI\Desktop\Universidade\SDLE\vcpkg\packages\czmq_x86-windows\bin;C:\Users\MSI\.dotnet\tools;C:\Users\MSI\AppData\Roaming\nvm;C:\Program Files\nodejs;C:\Users\MSI\.wdm\drivers\chromedriver\win64\116.0.5845.112\chromedriver-win32\chromedriver.exe;D:\msys64\ucrt64\bin;C:\Users\MSI\.wdm\drivers\chromedriver\win64\116.0.5845.188\chromedriver-win32;C:\Users\MSI\go\bin
3442 [3504] INFO perfrun.mrte <> - COR_ENABLE_PROFILING=1
3442 [3504] INFO perfrun.mrte <> - COR_PROFILER={AA5E4821-E3B1-479c-B7FF-5AD047D22CED}
3442 [3504] INFO perfrun.mrte <> - COMPLUS_ProfAPI_ProfilerCompatibilitySetting=EnableV2Profiler
3442 [3504] INFO perfrun.mrte <> - CORECLR_ENABLE_PROFILING=1
3442 [3504] INFO perfrun.mrte <> - CORECLR_PROFILER={AA5E4821-E3B1-479c-B7FF-5AD047D22CED}
3442 [3504] INFO perfrun.mrte <> - CORECLR_PROFILER_PATH=D:\Program Files (x86)\Intel\oneAPI\vtune\2024.0\bin64/amplxe_samplingmrte_clrprof_1.0.dll
3442 [3504] INFO perfrun.mrte <> - INTEL_MRTE_PROFILER_MODE=mixed
3442 [3504] INFO perfrun.mrte <> - Data directory: D:\Universidade\CHE\CHE\project\results\vtune\knn\r000ps\data.0
3442 [3504] INFO perfrun.mrte <> - Mrte plugin is initialized
3442 [3504] INFO perfrun.launcher <> - plugin [emon] was disabled because it doesn't support the given collection type.
3442 [3504] INFO perfrun.launcher <> - plugin [cuscol] was disabled because it doesn't support the given collection type.
3442 [3504] INFO perfrun.launcher <> - plugin [stdsrc] was disabled because it doesn't support the given collection type.
3442 [3504] INFO perfrun.launcher <> - plugin [sep] was disabled because it doesn't support the given collection type.
3442 [3504] INFO perfrun.launcher <> - plugin [vtsspp] was disabled because it doesn't support the given collection type.
3442 [3504] INFO perfrun.launcher <> - plugin [] was disabled because it doesn't support the given collection type.
3442 [3504] INFO perfrun.launcher <> - plugin [aoclprofile] was disabled because it doesn't support the given collection type.
3442 [3504] INFO perfrun.tpss <> - initialize tpss controller
3442 [3504] INFO perfrun.tpss <> - configure collection mode: value = cpu:counters:nostack
3443 [3504] INFO perfrun.tpss <> - configure collection mode: value = cpu:nostack
3443 [3504] INFO perfrun.tpss <> - default obj-size-min=1024
3443 [3504] INFO perfrun.tpss <> - default hash-table-size=0
3443 [3504] INFO perfrun.launcher <> - plugin [] was disabled because it doesn't support the given collection type.
3443 [3504] INFO perfrun.launcher <> - plugin [] was disabled because it doesn't support the given collection type.
3443 [3504] INFO perfrun.launcher <> - plugin [] was disabled because it doesn't support the given collection type.
3443 [3504] INFO perfrun.launcher <> - plugin [] was disabled because it doesn't support the given collection type.
3443 [3504] INFO perfrun.launcher <> - plugin [power] was disabled because it doesn't support the given collection type.
3443 [3504] INFO perfrun.launcher <> - plugin [] was disabled because it doesn't support the given collection type.
3443 [3504] INFO perfrun.launcher <> - plugin [ipmwatch] was disabled because it doesn't support the given collection type.
3443 [3504] INFO perfrun.launcher <> - plugin [os_counters] was disabled because it doesn't support the given collection type.
3443 [3504] INFO perfrun.launcher <> - plugin [l0_metrics] was disabled because it doesn't support the given collection type.
3443 [9368] INFO perfrun.launcher <> - set environment variable: PATH = D:\Program Files (x86)\Intel\oneAPI\vtune\2024.0\bin32\runtime;D:\Program Files (x86)\Intel\oneAPI\vtune\2024.0\bin64\runtime;C:\Program Files\Microsoft SDKs\Azure\CLI2\wbin;D:\Programas\PlasticSCM5\server;D:\Programas\PlasticSCM5\client;C:\Python310\Scripts\;C:\Python310\;C:\Program Files\Common Files\Oracle\Java\javapath;C:\Program Files (x86)\Common Files\Oracle\Java\javapath;C:\WINDOWS\system32;C:\WINDOWS;C:\WINDOWS\System32\Wbem;C:\WINDOWS\System32\WindowsPowerShell\v1.0\;C:\WINDOWS\System32\OpenSSH\;C:\Program Files\NVIDIA Corporation\NVIDIA NvDLISR;C:\Program Files (x86)\NVIDIA Corporation\PhysX\Common;C:\Program Files\dotnet\;C:\Program Files\Microsoft SQL Server\130\Tools\Binn\;C:\Program Files\Microsoft SQL Server\Client SDK\ODBC\170\Tools\Binn\;C;C:\Program Files\Git\cmd;C:\ProgramData\chocolatey\bin;C:\Program Files\Portugal Identity Card\;C:\Program Files\php-8.1.1-Win32-vs16-x64;C:\composer;C:\Users\MSI\AppData\Local\Android\Sdk\platform-tools;C:\Program Files\Jadx\jadx-1.2.0\bin;C:\WINDOWS\system32;C:\WINDOWS;C:\WINDOWS\System32\Wbem;C:\WINDOWS\System32\WindowsPowerShell\v1.0\;C:\WINDOWS\System32\OpenSSH\;C:\Program Files\WireGuard\;C:\Program Files\Docke;C:\Program Files\Go\bin;C:\Users\MSI\AppData\Local\Microsoft\WindowsApps;C:\Users\MSI\.dotnet\tools;C:\Windows.old\Users\MSI\AppData\Local\GitHubDesktop\bin;C:\Users\MSI\AppData\Local\Programs\Microsoft VS Code\bin;C:\Users\MSI\AppData\Local\atom\bin;C:\Users\MSI\AppData\Roaming\cabal\bin;C:\tools\ghc-9.0.1\bin;C:\tools\msys64;C:\Users\MSI\AppData\Roaming\Composer\vendor\bin;C:\Users\MSI\AppData\Roaming\npm;C:\Users\MSI\Desktop\Universidade\flutter\bin;C:\Program Files\Java\javacc21-master\javacc21-master\bin;C:\Gradle\gradle-7.4.1-bin\gradle-7.4.1\bin;C:\Program Files\Java\jdk-11.0.10\bin;C:\tools\dart-sdk\bin;C:\Users\MSI\AppData\Roaming\Pub\Cache\bin;C:\tools\dart-sdk;C:\Users\MSI\AppData\Local\Android\Sdk\platform-tools;C:\Program Files\Jadx\jadx-1.2.0\bin;C:\Users\MSI\AppData\Local\Microsoft\WindowsApps;C:\Users\MSI\Desktop\Universidade\SDLE\vcpkg\packages\czmq_x86-windows\bin;C:\Users\MSI\.dotnet\tools;C:\Users\MSI\AppData\Roaming\nvm;C:\Program Files\nodejs;C:\Users\MSI\.wdm\drivers\chromedriver\win64\116.0.5845.112\chromedriver-win32\chromedriver.exe;D:\msys64\ucrt64\bin;C:\Users\MSI\.wdm\drivers\chromedriver\win64\116.0.5845.188\chromedriver-win32;C:\Users\MSI\go\bin
3444 [9368] INFO perfrun.launcher <> - set environment variable: INTEL_LIBITTNOTIFY32 = D:\Program Files (x86)\Intel\oneAPI\vtune\2024.0\bin32\runtime\ittnotify_collector.dll
3444 [9368] INFO perfrun.launcher <> - set environment variable: INTEL_LIBITTNOTIFY64 = D:\Program Files (x86)\Intel\oneAPI\vtune\2024.0\bin64\runtime\ittnotify_collector.dll
3444 [9368] INFO perfrun.launcher <> - set environment variable: INTEL_ITTNOTIFY_GROUPS = 
3445 [9368] INFO perfrun.launcher <> - set environment variable: INTEL_JIT_PROFILER32 = D:\Program Files (x86)\Intel\oneAPI\vtune\2024.0\bin32\runtime\ittnotify_collector.dll
3445 [9368] INFO perfrun.launcher <> - set environment variable: INTEL_JIT_PROFILER64 = D:\Program Files (x86)\Intel\oneAPI\vtune\2024.0\bin64\runtime\ittnotify_collector.dll
3445 [9368] INFO perfrun.launcher <> - set environment variable: ENABLE_JITPROFILING = 1
3445 [9368] INFO perfrun.launcher <> - set environment variable: CL_CONFIG_USE_VTUNE = True
3446 [9368] INFO perfrun.launcher <> - set environment variable: KMP_FORKJOIN_FRAMES = 0
3446 [9368] INFO perfrun.launcher <> - set environment variable: KMP_FORKJOIN_FRAMES_MODE = 0
3446 [9368] INFO perfrun.launcher <> - set environment variable: INTEL_MRTE_DATA_DIR = D:\Universidade\CHE\CHE\project\results\vtune\knn\r000ps\data.0
3446 [9368] INFO perfrun.launcher <> - set environment variable: INTEL_MRTE_HOST_NAME = ZPMSI
3447 [9368] INFO perfrun.launcher <> - set environment variable: JAVA_TOOL_OPTIONS = -agentlib:amplxe_tpssmrte_javaprof_1.0
3447 [9368] INFO perfrun.launcher <> - set environment variable: PATH = D:\Program Files (x86)\Intel\oneAPI\vtune\2024.0\bin32\runtime;D:\Program Files (x86)\Intel\oneAPI\vtune\2024.0\bin64\runtime;C:\Program Files\Microsoft SDKs\Azure\CLI2\wbin;D:\Programas\PlasticSCM5\server;D:\Programas\PlasticSCM5\client;C:\Python310\Scripts\;C:\Python310\;C:\Program Files\Common Files\Oracle\Java\javapath;C:\Program Files (x86)\Common Files\Oracle\Java\javapath;C:\WINDOWS\system32;C:\WINDOWS;C:\WINDOWS\System32\Wbem;C:\WINDOWS\System32\WindowsPowerShell\v1.0\;C:\WINDOWS\System32\OpenSSH\;C:\Program Files\NVIDIA Corporation\NVIDIA NvDLISR;C:\Program Files (x86)\NVIDIA Corporation\PhysX\Common;C:\Program Files\dotnet\;C:\Program Files\Microsoft SQL Server\130\Tools\Binn\;C:\Program Files\Microsoft SQL Server\Client SDK\ODBC\170\Tools\Binn\;C;C:\Program Files\Git\cmd;C:\ProgramData\chocolatey\bin;C:\Program Files\Portugal Identity Card\;C:\Program Files\php-8.1.1-Win32-vs16-x64;C:\composer;C:\Users\MSI\AppData\Local\Android\Sdk\platform-tools;C:\Program Files\Jadx\jadx-1.2.0\bin;C:\WINDOWS\system32;C:\WINDOWS;C:\WINDOWS\System32\Wbem;C:\WINDOWS\System32\WindowsPowerShell\v1.0\;C:\WINDOWS\System32\OpenSSH\;C:\Program Files\WireGuard\;C:\Program Files\Docke;C:\Program Files\Go\bin;C:\Users\MSI\AppData\Local\Microsoft\WindowsApps;C:\Users\MSI\.dotnet\tools;C:\Windows.old\Users\MSI\AppData\Local\GitHubDesktop\bin;C:\Users\MSI\AppData\Local\Programs\Microsoft VS Code\bin;C:\Users\MSI\AppData\Local\atom\bin;C:\Users\MSI\AppData\Roaming\cabal\bin;C:\tools\ghc-9.0.1\bin;C:\tools\msys64;C:\Users\MSI\AppData\Roaming\Composer\vendor\bin;C:\Users\MSI\AppData\Roaming\npm;C:\Users\MSI\Desktop\Universidade\flutter\bin;C:\Program Files\Java\javacc21-master\javacc21-master\bin;C:\Gradle\gradle-7.4.1-bin\gradle-7.4.1\bin;C:\Program Files\Java\jdk-11.0.10\bin;C:\tools\dart-sdk\bin;C:\Users\MSI\AppData\Roaming\Pub\Cache\bin;C:\tools\dart-sdk;C:\Users\MSI\AppData\Local\Android\Sdk\platform-tools;C:\Program Files\Jadx\jadx-1.2.0\bin;C:\Users\MSI\AppData\Local\Microsoft\WindowsApps;C:\Users\MSI\Desktop\Universidade\SDLE\vcpkg\packages\czmq_x86-windows\bin;C:\Users\MSI\.dotnet\tools;C:\Users\MSI\AppData\Roaming\nvm;C:\Program Files\nodejs;C:\Users\MSI\.wdm\drivers\chromedriver\win64\116.0.5845.112\chromedriver-win32\chromedriver.exe;D:\msys64\ucrt64\bin;C:\Users\MSI\.wdm\drivers\chromedriver\win64\116.0.5845.188\chromedriver-win32;C:\Users\MSI\go\bin
3448 [9368] INFO perfrun.launcher <> - set environment variable: COR_ENABLE_PROFILING = 1
3448 [9368] INFO perfrun.launcher <> - set environment variable: COR_PROFILER = {AA5E4821-E3B1-479c-B7FF-5AD047D22CED}
3448 [9368] INFO perfrun.launcher <> - set environment variable: COMPLUS_ProfAPI_ProfilerCompatibilitySetting = EnableV2Profiler
3449 [9368] INFO perfrun.launcher <> - set environment variable: CORECLR_ENABLE_PROFILING = 1
3449 [9368] INFO perfrun.launcher <> - set environment variable: CORECLR_PROFILER = {AA5E4821-E3B1-479c-B7FF-5AD047D22CED}
3449 [9368] INFO perfrun.launcher <> - set environment variable: CORECLR_PROFILER_PATH = D:\Program Files (x86)\Intel\oneAPI\vtune\2024.0\bin64/amplxe_samplingmrte_clrprof_1.0.dll
3449 [9368] INFO perfrun.launcher <> - set environment variable: INTEL_MRTE_PROFILER_MODE = mixed
3449 [9368] INFO perfrun.launcher <> - RpcServer: run RPC server to handle requests
3461 [9368] INFO perfrun.sdk <> - IProcessUtil: the given executable 'D:\Universidade\CHE\CHE\project\knn-ver1-Oct2023\knn.exe' is valid.
3461 [9368] INFO perfrun.launcher <> - Launcher: command line to start before modification = D:\Universidade\CHE\CHE\project\knn-ver1-Oct2023\knn.exe
3465 [9368] INFO perfrun.launcher <> - Launcher: command line to start after modification = D:\Program Files (x86)\Intel\oneAPI\vtune\2024.0\bin64\pin.exe -error_file D:\Universidade\CHE\CHE\project\results\vtune\knn\r000ps\data.0\pinerr.tpsslog -detach_reattach -probe -follow_execv -p32 D:\Program Files (x86)\Intel\oneAPI\vtune\2024.0\bin32\pin.exe -p64 D:\Program Files (x86)\Intel\oneAPI\vtune\2024.0\bin64\pin.exe -t64 D:\Program Files (x86)\Intel\oneAPI\vtune\2024.0\bin64\tpsstool.dll -t D:\Program Files (x86)\Intel\oneAPI\vtune\2024.0\bin32\tpsstool.dll -server_name tpss_ipc.8500 -prd_dir D:\Program Files (x86)\Intel\oneAPI\vtune\2024.0 -- D:\Universidade\CHE\CHE\project\knn-ver1-Oct2023\knn.exe
3466 [9368] INFO perfrun.launcher <> - ProcessCreator object was created
3474 [9368] INFO perfrun.launcher <> - Launcher: the process was started in suspend mode
3475 [3504] INFO perfrun.itt <> - start itt controller for pid #11244
3476 [3504] INFO perfrun.tpss <> - start tpss controller for pid #11244
3541 [9368] INFO perfrun.launcher <> - Launcher: all plugins were started
3541 [9368] INFO perfrun.launcher <> - DirectoryMonitor object was created
3541 [9368] INFO perfrun.launcher <> - DirectoryMonitor: a callback was added
3541 [9368] INFO perfrun.launcher <> - DirectoryMonitor was started with pingTime = 1000
3541 [9368] INFO perfrun.launcher <> - DeadlineTimer is going to be constructed
3541 [9368] INFO perfrun.launcher <> - DeadlineTimer: a callback was added
3552 [9368] INFO perfrun.launcher <> - Launcher: resume the profiled application and  wait its termination or stop command
5114 [9368] INFO perfrun.launcher <> - Launcher: the profiled application was terminated  with exit code = 0
5126 [3504] INFO perfrun.itt <> - detach itt controller
5126 [3504] INFO perfrun.itt <> - detach itt controller done
5126 [3504] INFO perfrun.tpss <> - stop tpss controller
5127 [3504] INFO perfrun.sdk <> - De-allocating TMU: D:\Universidade\CHE\CHE\project\results\vtune\knn\r000ps\data.0\systemcollector-8500-ZPMSI.sc
5147 [3504] INFO perfrun.system <> - closed the system trace file: D:\Universidade\CHE\CHE\project\results\vtune\knn\r000ps\data.0\systemcollector-8500-ZPMSI.sc
5148 [9368] INFO perfrun.launcher <> - Launcher: all plugins were stopped.
5148 [9368] INFO perfrun.launcher <> - DeadlineTimer is going to be destroyed
5148 [9368] INFO perfrun.launcher <> - DeadlineTimer was destroyed
5148 [9368] INFO perfrun.launcher <> - DirectoryMonitor object was destroyed
5148 [9368] WARN perfrun.launcher <> - Stop command is ignored because it is received when collection is already stopped, at file: vcs\perfrun1\launcher\src\command_handler.cpp:226
5151 [9368] INFO perfrun.launcher <> - Application exit code: 0
5151 [9368] INFO perfrun.launcher <> - Exit code: 0
