<?xml version="1.0" encoding="utf-8"?>
<log version="1.0" tool="runtool">

<msg id="1" tool="runtool">
  <type>log-start</type>
  <arg>2024/01/01 01:06:14</arg>
</msg>
<msg id="2" tool="runtool">
  <type>collector-starts</type>
</msg>
<msg id="3" tool="runtool">
  <type>marker-file</type>
  <arg>D:\Universidade\CHE\CHE\results\advisor\knn\e000\mp000\mp000.advixe</arg>
</msg>
<msg id="4" tool="tc">
  <type>START</type>
  <severity>INFO</severity>
  <timestamp>Mon Jan  1 01:06:15 2024</timestamp>
</msg>
<msg id="5" tool="tc">
  <type>EXEC_OF_INTEREST</type>
  <arg>d:\universidade\che\che\knn-ver1-oct2023\knn.exe</arg>
  <arg>24960</arg>
  <severity>INFO</severity>
  <timestamp>Mon Jan  1 01:06:15 2024</timestamp>
</msg>
<msg id="6" tool="tc">
  <type>LOAD_MODULE</type>
  <arg>d:\universidade\che\che\knn-ver1-oct2023\knn.exe</arg>
  <arg>0x7ff6e0ef0000</arg>
  <arg>0x7ff6e1007fff</arg>
  <arg>1</arg>
  <severity>INFO</severity>
  <timestamp>Mon Jan  1 01:06:15 2024</timestamp>
</msg>
<msg id="7" tool="tc">
  <type>LOAD_MODULE</type>
  <arg>c:\windows\system32\kernelbase.dll</arg>
  <arg>0x7ff89f910000</arg>
  <arg>0x7ff89fcb5fff</arg>
  <arg>2</arg>
  <severity>INFO</severity>
  <timestamp>Mon Jan  1 01:06:15 2024</timestamp>
</msg>
<msg id="8" tool="tc">
  <type>LOAD_MODULE</type>
  <arg>c:\windows\system32\kernel32.dll</arg>
  <arg>0x7ff8a0d60000</arg>
  <arg>0x7ff8a0e23fff</arg>
  <arg>3</arg>
  <severity>INFO</severity>
  <timestamp>Mon Jan  1 01:06:15 2024</timestamp>
</msg>
<msg id="9" tool="tc">
  <type>LOAD_MODULE</type>
  <arg>c:\windows\system32\ntdll.dll</arg>
  <arg>0x7ff8a2290000</arg>
  <arg>0x7ff8a24a6fff</arg>
  <arg>4</arg>
  <severity>INFO</severity>
  <timestamp>Mon Jan  1 01:06:16 2024</timestamp>
</msg>
<msg id="10" tool="tc">
  <type>LOAD_MODULE</type>
  <arg>c:\windows\system32\ucrtbase.dll</arg>
  <arg>0x7ff89f720000</arg>
  <arg>0x7ff89f830fff</arg>
  <arg>5</arg>
  <severity>INFO</severity>
  <timestamp>Mon Jan  1 01:06:18 2024</timestamp>
</msg>
<msg id="11" tool="tc">
  <type>LOAD_MODULE</type>
  <arg>c:\windows\system32\kernel.appcore.dll</arg>
  <arg>0x7ff89e630000</arg>
  <arg>0x7ff89e647fff</arg>
  <arg>6</arg>
  <severity>INFO</severity>
  <timestamp>Mon Jan  1 01:06:21 2024</timestamp>
</msg>
<msg id="12" tool="tc">
  <type>LOAD_MODULE</type>
  <arg>c:\windows\system32\msvcrt.dll</arg>
  <arg>0x7ff8a0610000</arg>
  <arg>0x7ff8a06b6fff</arg>
  <arg>7</arg>
  <severity>INFO</severity>
  <timestamp>Mon Jan  1 01:06:21 2024</timestamp>
</msg>
<msg id="13" tool="tc">
  <type>UNLOAD_MODULE</type>
  <arg>d:\universidade\che\che\knn-ver1-oct2023\knn.exe</arg>
  <arg>1</arg>
  <severity>INFO</severity>
  <timestamp>Mon Jan  1 01:06:22 2024</timestamp>
</msg>
<msg id="14" tool="tc">
  <type>UNLOAD_MODULE</type>
  <arg>c:\windows\system32\kernelbase.dll</arg>
  <arg>2</arg>
  <severity>INFO</severity>
  <timestamp>Mon Jan  1 01:06:22 2024</timestamp>
</msg>
<msg id="15" tool="tc">
  <type>UNLOAD_MODULE</type>
  <arg>c:\windows\system32\kernel32.dll</arg>
  <arg>3</arg>
  <severity>INFO</severity>
  <timestamp>Mon Jan  1 01:06:22 2024</timestamp>
</msg>
<msg id="16" tool="tc">
  <type>UNLOAD_MODULE</type>
  <arg>c:\windows\system32\ntdll.dll</arg>
  <arg>4</arg>
  <severity>INFO</severity>
  <timestamp>Mon Jan  1 01:06:22 2024</timestamp>
</msg>
<msg id="17" tool="tc">
  <type>UNLOAD_MODULE</type>
  <arg>c:\windows\system32\ucrtbase.dll</arg>
  <arg>5</arg>
  <severity>INFO</severity>
  <timestamp>Mon Jan  1 01:06:22 2024</timestamp>
</msg>
<msg id="18" tool="tc">
  <type>UNLOAD_MODULE</type>
  <arg>c:\windows\system32\kernel.appcore.dll</arg>
  <arg>6</arg>
  <severity>INFO</severity>
  <timestamp>Mon Jan  1 01:06:22 2024</timestamp>
</msg>
<msg id="19" tool="tc">
  <type>UNLOAD_MODULE</type>
  <arg>c:\windows\system32\msvcrt.dll</arg>
  <arg>7</arg>
  <severity>INFO</severity>
  <timestamp>Mon Jan  1 01:06:22 2024</timestamp>
</msg>
<msg id="20" tool="tc">
  <type>PROCESS_TERMINATE</type>
  <arg>d:\universidade\che\che\knn-ver1-oct2023\knn.exe</arg>
  <arg>24960</arg>
  <severity>INFO</severity>
  <timestamp>Mon Jan  1 01:06:22 2024</timestamp>
</msg>
<msg id="21" tool="tc">
  <type>NO_ANNOTATIONS</type>
  <severity>WARNING</severity>
  <timestamp>Mon Jan  1 01:06:22 2024</timestamp>
</msg>
<msg id="22" tool="tc">
  <type>ANALYSIS_COMPLETE</type>
  <severity>INFO</severity>
  <timestamp>Mon Jan  1 01:06:22 2024</timestamp>
</msg>
<msg id="23" tool="tc">
  <type>STOP</type>
  <severity>INFO</severity>
  <timestamp>Mon Jan  1 01:06:22 2024</timestamp>
</msg>
<msg id="24" tool="runtool">
  <type>app-exit-code</type>
  <arg>0</arg>
</msg>
<msg id="25" tool="runtool">
  <type>marker-file</type>
  <arg>D:\Universidade\CHE\CHE\results\advisor\knn\e000\mp000\mp000.advixe</arg>
</msg>
<msg id="26" tool="runtool">
  <type>collector-done</type>
</msg>
<msg id="27" tool="runtool">
  <type>log-end</type>
  <arg>2024/01/01 01:06:25</arg>
</msg>

</log>

