<?xml version="1.0" encoding="utf-8" ?>
<!-- DO NOT EDIT THIS FILE -->

<log version='2.0' source='tcet'>
	<!-- Opened annotation file D:\Program Files (x86)\Intel\oneAPI\advisor\2024.0\bin64\..\config\tc\map.ant -->
	<!-- Opened annotation file D:\Program Files (x86)\Intel\oneAPI\advisor\2024.0\bin64\..\config\tc\allocators.ant -->
	<msg id='1' display='false' source='map'>
		<type>START</type>
		<severity>INFO</severity>
		<timestamp>Mon Jan  1 01:06:15 2024</timestamp>
	</msg>
	<!-- Successfully loaded CCRT 13.15.3 at address 0x7ff884f30000 - 0x7ff884f51000 -->
	<!-- Successfully loaded the TC Analysis Core 8.22.3 at address 0x7ff87aec0000 - 0x7ff87aee3000 -->
	<!-- Successfully loaded the TC Instrumentation Engine 8.22.3 at address 0x6c800000 - 0x6ca85000 -->
	<!-- Environment: INTEL_LIBITTNOTIFY32=D:\Program Files (x86)\Intel\oneAPI\advisor\2024.0\bin32\runtime\libittnotify.dll -->
	<!-- Environment: INTEL_LIBITTNOTIFY64=D:\Program Files (x86)\Intel\oneAPI\advisor\2024.0\bin64\runtime\libittnotify.dll -->
	<!-- Environment: INTEL_JIT_PROFILER32=D:\Program Files (x86)\Intel\oneAPI\advisor\2024.0\bin32\pinjitprofiling.dll -->
	<!-- Environment: INTEL_JIT_PROFILER64=D:\Program Files (x86)\Intel\oneAPI\advisor\2024.0\bin64\pinjitprofiling.dll -->
	<!-- This is the instance of interest -->
	<msg id='2' source='tcet'>
		<type>EXEC_OF_INTEREST</type>
		<severity>INFO</severity>
		<timestamp>Mon Jan  1 01:06:15 2024</timestamp>
		<arg name='process'>d:\universidade\che\che\knn-ver1-oct2023\knn.exe</arg>
		<arg name='pid'>24960</arg>
	</msg>
	<msg id='3' source='tcet'>
		<type>LOAD_MODULE</type>
		<severity>INFO</severity>
		<timestamp>Mon Jan  1 01:06:15 2024</timestamp>
		<arg name='module'>d:\universidade\che\che\knn-ver1-oct2023\knn.exe</arg>
		<arg name='basement'>0x7ff6e0ef0000</arg>
		<arg name='ceiling'>0x7ff6e1007fff</arg>
		<arg name='id'>1</arg>
	</msg>
	<msg id='4' source='tcet'>
		<type>LOAD_MODULE</type>
		<severity>INFO</severity>
		<timestamp>Mon Jan  1 01:06:15 2024</timestamp>
		<arg name='module'>c:\windows\system32\kernelbase.dll</arg>
		<arg name='basement'>0x7ff89f910000</arg>
		<arg name='ceiling'>0x7ff89fcb5fff</arg>
		<arg name='id'>2</arg>
	</msg>
	<msg id='5' source='tcet'>
		<type>LOAD_MODULE</type>
		<severity>INFO</severity>
		<timestamp>Mon Jan  1 01:06:15 2024</timestamp>
		<arg name='module'>c:\windows\system32\kernel32.dll</arg>
		<arg name='basement'>0x7ff8a0d60000</arg>
		<arg name='ceiling'>0x7ff8a0e23fff</arg>
		<arg name='id'>3</arg>
	</msg>
	<msg id='6' source='tcet'>
		<type>LOAD_MODULE</type>
		<severity>INFO</severity>
		<timestamp>Mon Jan  1 01:06:16 2024</timestamp>
		<arg name='module'>c:\windows\system32\ntdll.dll</arg>
		<arg name='basement'>0x7ff8a2290000</arg>
		<arg name='ceiling'>0x7ff8a24a6fff</arg>
		<arg name='id'>4</arg>
	</msg>
	<msg id='7' source='tcet'>
		<type>LOAD_MODULE</type>
		<severity>INFO</severity>
		<timestamp>Mon Jan  1 01:06:18 2024</timestamp>
		<arg name='module'>c:\windows\system32\ucrtbase.dll</arg>
		<arg name='basement'>0x7ff89f720000</arg>
		<arg name='ceiling'>0x7ff89f830fff</arg>
		<arg name='id'>5</arg>
	</msg>
	<msg id='8' source='tcet'>
		<type>LOAD_MODULE</type>
		<severity>INFO</severity>
		<timestamp>Mon Jan  1 01:06:21 2024</timestamp>
		<arg name='module'>c:\windows\system32\kernel.appcore.dll</arg>
		<arg name='basement'>0x7ff89e630000</arg>
		<arg name='ceiling'>0x7ff89e647fff</arg>
		<arg name='id'>6</arg>
	</msg>
	<msg id='9' source='tcet'>
		<type>LOAD_MODULE</type>
		<severity>INFO</severity>
		<timestamp>Mon Jan  1 01:06:21 2024</timestamp>
		<arg name='module'>c:\windows\system32\msvcrt.dll</arg>
		<arg name='basement'>0x7ff8a0610000</arg>
		<arg name='ceiling'>0x7ff8a06b6fff</arg>
		<arg name='id'>7</arg>
	</msg>
	<msg id='10' source='tcet'>
		<type>UNLOAD_MODULE</type>
		<severity>INFO</severity>
		<timestamp>Mon Jan  1 01:06:22 2024</timestamp>
		<arg name='module'>d:\universidade\che\che\knn-ver1-oct2023\knn.exe</arg>
		<arg name='id'>1</arg>
	</msg>
	<msg id='11' source='tcet'>
		<type>UNLOAD_MODULE</type>
		<severity>INFO</severity>
		<timestamp>Mon Jan  1 01:06:22 2024</timestamp>
		<arg name='module'>c:\windows\system32\kernelbase.dll</arg>
		<arg name='id'>2</arg>
	</msg>
	<msg id='12' source='tcet'>
		<type>UNLOAD_MODULE</type>
		<severity>INFO</severity>
		<timestamp>Mon Jan  1 01:06:22 2024</timestamp>
		<arg name='module'>c:\windows\system32\kernel32.dll</arg>
		<arg name='id'>3</arg>
	</msg>
	<msg id='13' source='tcet'>
		<type>UNLOAD_MODULE</type>
		<severity>INFO</severity>
		<timestamp>Mon Jan  1 01:06:22 2024</timestamp>
		<arg name='module'>c:\windows\system32\ntdll.dll</arg>
		<arg name='id'>4</arg>
	</msg>
	<msg id='14' source='tcet'>
		<type>UNLOAD_MODULE</type>
		<severity>INFO</severity>
		<timestamp>Mon Jan  1 01:06:22 2024</timestamp>
		<arg name='module'>c:\windows\system32\ucrtbase.dll</arg>
		<arg name='id'>5</arg>
	</msg>
	<msg id='15' source='tcet'>
		<type>UNLOAD_MODULE</type>
		<severity>INFO</severity>
		<timestamp>Mon Jan  1 01:06:22 2024</timestamp>
		<arg name='module'>c:\windows\system32\kernel.appcore.dll</arg>
		<arg name='id'>6</arg>
	</msg>
	<msg id='16' source='tcet'>
		<type>UNLOAD_MODULE</type>
		<severity>INFO</severity>
		<timestamp>Mon Jan  1 01:06:22 2024</timestamp>
		<arg name='module'>c:\windows\system32\msvcrt.dll</arg>
		<arg name='id'>7</arg>
	</msg>
	<msg id='17' source='tcet'>
		<type>PROCESS_TERMINATE</type>
		<severity>INFO</severity>
		<timestamp>Mon Jan  1 01:06:22 2024</timestamp>
		<arg name='process'>d:\universidade\che\che\knn-ver1-oct2023\knn.exe</arg>
		<arg name='pid'>24960</arg>
	</msg>
	<msg id='18' source='map'>
		<type>NO_ANNOTATIONS</type>
		<severity>WARNING</severity>
		<timestamp>Mon Jan  1 01:06:22 2024</timestamp>
	</msg>
	<msg id='19' display='false' source='map'>
		<type>ANALYSIS_COMPLETE</type>
		<severity>INFO</severity>
		<timestamp>Mon Jan  1 01:06:22 2024</timestamp>
	</msg>
	<msg id='20' display='false' source='map'>
		<type>STOP</type>
		<severity>INFO</severity>
		<timestamp>Mon Jan  1 01:06:22 2024</timestamp>
	</msg>
</log>