<?xml version="1.0" encoding="utf-8" ?>
<!-- DO NOT EDIT THIS FILE -->

<log version='2.0' source='tcet'>
	<!-- Opened annotation file D:\Program Files (x86)\Intel\oneAPI\advisor\2024.0\bin64\..\config\tc\map.ant -->
	<!-- Opened annotation file D:\Program Files (x86)\Intel\oneAPI\advisor\2024.0\bin64\..\config\tc\allocators.ant -->
	<msg id='1' display='false' source='map'>
		<type>START</type>
		<severity>INFO</severity>
		<timestamp>Tue Nov 28 16:45:46 2023</timestamp>
	</msg>
	<!-- Successfully loaded CCRT 13.15.3 at address 0x7ff880230000 - 0x7ff880251000 -->
	<!-- Successfully loaded the TC Analysis Core 8.22.3 at address 0x7ff87c250000 - 0x7ff87c273000 -->
	<!-- Successfully loaded the TC Instrumentation Engine 8.22.3 at address 0x58280000 - 0x58505000 -->
	<!-- Environment: INTEL_LIBITTNOTIFY32=D:\Program Files (x86)\Intel\oneAPI\advisor\2024.0\bin32\runtime\libittnotify.dll -->
	<!-- Environment: INTEL_LIBITTNOTIFY64=D:\Program Files (x86)\Intel\oneAPI\advisor\2024.0\bin64\runtime\libittnotify.dll -->
	<!-- Environment: INTEL_JIT_PROFILER32=D:\Program Files (x86)\Intel\oneAPI\advisor\2024.0\bin32\pinjitprofiling.dll -->
	<!-- Environment: INTEL_JIT_PROFILER64=D:\Program Files (x86)\Intel\oneAPI\advisor\2024.0\bin64\pinjitprofiling.dll -->
	<!-- This is the instance of interest -->
	<msg id='2' source='tcet'>
		<type>EXEC_OF_INTEREST</type>
		<severity>INFO</severity>
		<timestamp>Tue Nov 28 16:45:46 2023</timestamp>
		<arg name='process'>d:\universidade\che\che\knn-ver1-oct2023\knn.exe</arg>
		<arg name='pid'>15404</arg>
	</msg>
	<msg id='3' source='tcet'>
		<type>LOAD_MODULE</type>
		<severity>INFO</severity>
		<timestamp>Tue Nov 28 16:45:46 2023</timestamp>
		<arg name='module'>d:\universidade\che\che\knn-ver1-oct2023\knn.exe</arg>
		<arg name='basement'>0x400000</arg>
		<arg name='ceiling'>0x50dfff</arg>
		<arg name='id'>1</arg>
	</msg>
	<msg id='4' source='tcet'>
		<type>LOAD_MODULE</type>
		<severity>INFO</severity>
		<timestamp>Tue Nov 28 16:45:46 2023</timestamp>
		<arg name='module'>c:\windows\system32\kernelbase.dll</arg>
		<arg name='basement'>0x7ff893250000</arg>
		<arg name='ceiling'>0x7ff8935f4fff</arg>
		<arg name='id'>2</arg>
	</msg>
	<msg id='5' source='tcet'>
		<type>LOAD_MODULE</type>
		<severity>INFO</severity>
		<timestamp>Tue Nov 28 16:45:47 2023</timestamp>
		<arg name='module'>c:\windows\system32\kernel32.dll</arg>
		<arg name='basement'>0x7ff894d90000</arg>
		<arg name='ceiling'>0x7ff894e53fff</arg>
		<arg name='id'>3</arg>
	</msg>
	<msg id='6' source='tcet'>
		<type>LOAD_MODULE</type>
		<severity>INFO</severity>
		<timestamp>Tue Nov 28 16:45:47 2023</timestamp>
		<arg name='module'>c:\windows\system32\ntdll.dll</arg>
		<arg name='basement'>0x7ff895d70000</arg>
		<arg name='ceiling'>0x7ff895f86fff</arg>
		<arg name='id'>4</arg>
	</msg>
	<msg id='7' source='tcet'>
		<type>LOAD_MODULE</type>
		<severity>INFO</severity>
		<timestamp>Tue Nov 28 16:45:49 2023</timestamp>
		<arg name='module'>c:\windows\system32\msvcrt.dll</arg>
		<arg name='basement'>0x7ff894c20000</arg>
		<arg name='ceiling'>0x7ff894cc6fff</arg>
		<arg name='id'>5</arg>
	</msg>
	<msg id='8' source='tcet'>
		<type>UNLOAD_MODULE</type>
		<severity>INFO</severity>
		<timestamp>Tue Nov 28 16:45:53 2023</timestamp>
		<arg name='module'>d:\universidade\che\che\knn-ver1-oct2023\knn.exe</arg>
		<arg name='id'>1</arg>
	</msg>
	<msg id='9' source='tcet'>
		<type>UNLOAD_MODULE</type>
		<severity>INFO</severity>
		<timestamp>Tue Nov 28 16:45:53 2023</timestamp>
		<arg name='module'>c:\windows\system32\kernelbase.dll</arg>
		<arg name='id'>2</arg>
	</msg>
	<msg id='10' source='tcet'>
		<type>UNLOAD_MODULE</type>
		<severity>INFO</severity>
		<timestamp>Tue Nov 28 16:45:53 2023</timestamp>
		<arg name='module'>c:\windows\system32\kernel32.dll</arg>
		<arg name='id'>3</arg>
	</msg>
	<msg id='11' source='tcet'>
		<type>UNLOAD_MODULE</type>
		<severity>INFO</severity>
		<timestamp>Tue Nov 28 16:45:53 2023</timestamp>
		<arg name='module'>c:\windows\system32\ntdll.dll</arg>
		<arg name='id'>4</arg>
	</msg>
	<msg id='12' source='tcet'>
		<type>UNLOAD_MODULE</type>
		<severity>INFO</severity>
		<timestamp>Tue Nov 28 16:45:53 2023</timestamp>
		<arg name='module'>c:\windows\system32\msvcrt.dll</arg>
		<arg name='id'>5</arg>
	</msg>
	<msg id='13' source='tcet'>
		<type>PROCESS_TERMINATE</type>
		<severity>INFO</severity>
		<timestamp>Tue Nov 28 16:45:53 2023</timestamp>
		<arg name='process'>d:\universidade\che\che\knn-ver1-oct2023\knn.exe</arg>
		<arg name='pid'>15404</arg>
	</msg>
	<msg id='14' source='map'>
		<type>NO_ANNOTATIONS</type>
		<severity>WARNING</severity>
		<timestamp>Tue Nov 28 16:45:53 2023</timestamp>
	</msg>
	<msg id='15' display='false' source='map'>
		<type>ANALYSIS_COMPLETE</type>
		<severity>INFO</severity>
		<timestamp>Tue Nov 28 16:45:53 2023</timestamp>
	</msg>
	<msg id='16' display='false' source='map'>
		<type>STOP</type>
		<severity>INFO</severity>
		<timestamp>Tue Nov 28 16:45:53 2023</timestamp>
	</msg>
</log>