Peak bandwidth measurement started...
Peak bandwidth measurement finished.
Analysis started...
Collection has been started.
Result file: D:\Universidade\CHE\CHE\results\advisor\knn\e000\trc006\trc006.advixe 
Application exit code: 0 
Result file: D:\Universidade\CHE\CHE\results\advisor\knn\e000\trc006\trc006.advixe 
Analysis completed
Finalizing results
Finalizing the result
Loading raw data to the database
Loading 'bandwidth_1703154513.hpc' file
Loading 'tripcounts_21824_0.tcs' file
Updating precomputed scalar metrics
Raw data has been loaded to the database, elapsed time is 0.161 seconds.
Processing profile metrics and debug information
Processing GPU time information
Data transformations have been finished, elapsed time is 0.034 seconds.
Setting data model parameters
Resolving module symbols
Resolving information for dangling locations
Symbol resolution has been finished, elapsed time is 0.124 seconds.
Processing profile metrics and debug information
Deferred data transformations have been finished, elapsed time is 0.021 seconds.
Setting data model parameters
Data model parameters have been set, elapsed time is 0.027 seconds.
Precomputing frequently used data
Precomputing frequently used data
Updating precomputed scalar metrics
Precomputing frequently used data has been finished, elapsed time is 0.581 seconds.
Discarding redundant overtime data
Saving the result
Redundant overtime data has been discarded, elapsed time is 0.009 seconds.
Raw collector data has been discarded, elapsed time is 0.000 seconds.
Finalizing the result took 1.408 seconds.
Preparing data for display of survey call tree
