Collection status has changed. 1
Collection has been started.
Collection has stopped. Application exit code:  0
Finalizing results
Finalizing the result
Clearing the database
The database has been cleared, elapsed time is 0.728 seconds.
Loading raw data to the database
Loading 'bandwidth_1703154328.hpc' file
Loading 'systemcollector-27016-ZPMSI.sc' file
Loading 'gen_metrics0_0_2_0_0.0.vtss' file
Loading '24540-24516.0.trace' file
Loading 'tripcounts_16484_0.tcs' file
Error: Cannot load data file `D:\Universidade\CHE\CHE\results\advisor\knn\e000\hs014\data.1\advixe-runtrc.txt' ().
Updating precomputed scalar metrics
Raw data has been loaded to the database, elapsed time is 1.705 seconds.
Processing profile metrics and debug information
Processing GPU time information
Data transformations have been finished, elapsed time is 0.006 seconds.
Setting data model parameters
Resolving module symbols
Resolving information for `msvcrt.dll'
Resolving information for `knn.exe'
Resolving information for `ntdll.dll'
Warning: Cannot locate debugging information for file `C:\WINDOWS\System32\msvcrt.dll'.
Warning: Cannot locate debugging information for file `C:\WINDOWS\SYSTEM32\ntdll.dll'.
Resolving bottom user stack information
Resolving thread name information
Resolving call target names for dynamic code
Symbol resolution has been finished, elapsed time is 0.627 seconds.
Processing profile metrics and debug information
Deferred data transformations have been finished, elapsed time is 0.025 seconds.
Setting data model parameters
Data model parameters have been set, elapsed time is 0.056 seconds.
Precomputing frequently used data
Precomputing frequently used data
Updating precomputed scalar metrics
Precomputing frequently used data has been finished, elapsed time is 0.425 seconds.
Discarding redundant overtime data
Saving the result
Redundant overtime data has been discarded, elapsed time is 0.005 seconds.
Raw collector data has been discarded, elapsed time is 0.000 seconds.
Finalizing the result took 3.888 seconds.
Preparing data for display of survey call tree
Resolving module symbols
Resolving information for dangling locations
Resolving bottom user stack information
Resolving thread name information
Resolving call target names for dynamic code
Precomputing frequently used data
