121 [20036] INFO perfrun.launcher <> - Launcher main begin
132 [20036] INFO perfrun.launcher <> - MessageCatalogInit finished
132 [20036] INFO perfrun.launcher <> - Launcher instance created
132 [20036] INFO perfrun.launcher <> - argc = 7; cmdline = D:\Program Files (x86)\Intel\oneAPI\advisor\2024.0\bin64\advixe-runss.exe --ui-output-format xml --ui-output-fd 2192 --option-file D:\Universidade\CHE\CHE\results\advisor\knn\e000\hs014\config\runss.options 
197 [20036] INFO perfrun.launcher <> - New signal handler callback was added
4866 [20036] INFO perfrun.launcher <> - create msngr2::ICliToolContext
4867 [20036] INFO perfrun.launcher <> - create file finder object
4867 [20036] INFO perfrun.launcher <> - create a result directory: pattern = D:\Universidade\CHE\CHE\results\advisor\knn\e000\hs014 pid = 4294967295
4884 [20036] INFO perfrun.launcher <> - create data directory = D:\Universidade\CHE\CHE\results\advisor\knn\e000\hs014\data.0
4885 [20036] INFO perfrun.launcher <> - Creating the master collection flag
4899 [20036] INFO perfrun.launcher <> - Done creating the master collection flag
4899 [21924] INFO perfrun.launcher <> - plugin [remoteplug] was disabled because it doesn't support the given collection type.
4900 [21924] INFO perfrun.sdk <> - Allocating TMU :D:\Universidade\CHE\CHE\results\advisor\knn\e000\hs014\data.0\systemcollector-27016-ZPMSI.sc
4901 [21924] INFO perfrun.launcher <> - plugin [] was disabled because it doesn't support the given collection type.
4904 [21924] INFO perfrun.launcher <> - plugin [] was disabled because it doesn't support the given collection type.
4904 [21924] INFO perfrun.gpu <> - Event consumer configurations: 
4920 [21924] INFO perfrun.gpu <> - DeviceInfo: address 0:0:2.0 subdevice index 0 preset 2 sampling interval 1000us
4922 [21924] INFO perfrun.launcher <> - plugin [] was disabled because it doesn't support the given collection type.
4922 [21924] INFO perfrun.launcher <> - plugin [] was disabled because it doesn't support the given collection type.
4922 [21924] INFO perfrun.launcher <> - plugin [] was disabled because it doesn't support the given collection type.
4922 [21924] INFO perfrun.mrte <> - system-wide mode is 0
4922 [21924] INFO perfrun.mrte <> - Getting  mrte profiling environment ...
4937 [21924] INFO perfrun.mrte <> - INTEL_MRTE_DATA_DIR=D:\Universidade\CHE\CHE\results\advisor\knn\e000\hs014\data.0
4937 [21924] INFO perfrun.mrte <> - INTEL_MRTE_HOST_NAME=ZPMSI
4937 [21924] INFO perfrun.mrte <> - JAVA_TOOL_OPTIONS=-agentlib:advixe_tpssmrte_javaprof_1.0
4937 [21924] INFO perfrun.mrte <> - PATH=D:\Program Files (x86)\Intel\oneAPI\advisor\2024.0\bin32\runtime;D:\Program Files (x86)\Intel\oneAPI\advisor\2024.0\bin64\runtime;C:\Program Files\Microsoft SDKs\Azure\CLI2\wbin;D:\Programas\PlasticSCM5\server;D:\Programas\PlasticSCM5\client;C:\Python310\Scripts\;C:\Python310\;C:\Program Files\Common Files\Oracle\Java\javapath;C:\Program Files (x86)\Common Files\Oracle\Java\javapath;C:\WINDOWS\system32;C:\WINDOWS;C:\WINDOWS\System32\Wbem;C:\WINDOWS\System32\WindowsPowerShell\v1.0\;C:\WINDOWS\System32\OpenSSH\;C:\Program Files\NVIDIA Corporation\NVIDIA NvDLISR;C:\Program Files (x86)\NVIDIA Corporation\PhysX\Common;C:\Program Files\dotnet\;C:\Program Files\Microsoft SQL Server\130\Tools\Binn\;C:\Program Files\Microsoft SQL Server\Client SDK\ODBC\170\Tools\Binn\;C;C:\Program Files\Git\cmd;C:\ProgramData\chocolatey\bin;C:\Program Files\Portugal Identity Card\;C:\Program Files\php-8.1.1-Win32-vs16-x64;C:\composer;C:\Users\MSI\AppData\Local\Android\Sdk\platform-tools;C:\Program Files\Jadx\jadx-1.2.0\bin;C:\WINDOWS\system32;C:\WINDOWS;C:\WINDOWS\System32\Wbem;C:\WINDOWS\System32\WindowsPowerShell\v1.0\;C:\WINDOWS\System32\OpenSSH\;C:\Program Files\WireGuard\;C:\Program Files\Docke;C:\Program Files\Go\bin;D:\Program Files\Graphviz\bin;C:\Users\MSI\AppData\Local\Microsoft\WindowsApps;C:\Users\MSI\.dotnet\tools;C:\Windows.old\Users\MSI\AppData\Local\GitHubDesktop\bin;C:\Users\MSI\AppData\Local\Programs\Microsoft VS Code\bin;C:\Users\MSI\AppData\Local\atom\bin;C:\Users\MSI\AppData\Roaming\cabal\bin;C:\tools\ghc-9.0.1\bin;C:\tools\msys64;C:\Users\MSI\AppData\Roaming\Composer\vendor\bin;C:\Users\MSI\AppData\Roaming\npm;C:\Users\MSI\Desktop\Universidade\flutter\bin;C:\Program Files\Java\javacc21-master\javacc21-master\bin;C:\Gradle\gradle-7.4.1-bin\gradle-7.4.1\bin;C:\Program Files\Java\jdk-11.0.10\bin;C:\tools\dart-sdk\bin;C:\Users\MSI\AppData\Roaming\Pub\Cache\bin;C:\tools\dart-sdk;C:\Users\MSI\AppData\Local\Android\Sdk\platform-tools;C:\Program Files\Jadx\jadx-1.2.0\bin;C:\Users\MSI\AppData\Local\Microsoft\WindowsApps;C:\Users\MSI\Desktop\Universidade\SDLE\vcpkg\packages\czmq_x86-windows\bin;C:\Users\MSI\.dotnet\tools;C:\Users\MSI\AppData\Roaming\nvm;C:\Program Files\nodejs;C:\Users\MSI\.wdm\drivers\chromedriver\win64\116.0.5845.112\chromedriver-win32\chromedriver.exe;D:\msys64\ucrt64\bin;C:\Users\MSI\.wdm\drivers\chromedriver\win64\116.0.5845.188\chromedriver-win32;C:\Users\MSI\go\bin
4937 [21924] INFO perfrun.mrte <> - COR_ENABLE_PROFILING=1
4937 [21924] INFO perfrun.mrte <> - COR_PROFILER={10337B79-F6CD-4df9-8D18-26A67272096B}
4937 [21924] INFO perfrun.mrte <> - COMPLUS_ProfAPI_ProfilerCompatibilitySetting=EnableV2Profiler
4937 [21924] INFO perfrun.mrte <> - CORECLR_ENABLE_PROFILING=1
4937 [21924] INFO perfrun.mrte <> - CORECLR_PROFILER={10337B79-F6CD-4df9-8D18-26A67272096B}
4937 [21924] INFO perfrun.mrte <> - CORECLR_PROFILER_PATH=D:\Program Files (x86)\Intel\oneAPI\advisor\2024.0\bin64/advixe_samplingmrte_clrprof_1.0.dll
4937 [21924] INFO perfrun.mrte <> - INTEL_MRTE_PROFILER_MODE=mixed
4937 [21924] INFO perfrun.mrte <> - Data directory: D:\Universidade\CHE\CHE\results\advisor\knn\e000\hs014\data.0
4937 [21924] INFO perfrun.mrte <> - Mrte plugin is initialized
4937 [21924] INFO perfrun.launcher <> - plugin [] was disabled because it doesn't support the given collection type.
4937 [21924] INFO perfrun.launcher <> - plugin [] was disabled because it doesn't support the given collection type.
4937 [21924] INFO perfrun.launcher <> - plugin [] was disabled because it doesn't support the given collection type.
4937 [21924] INFO perfrun.launcher <> - plugin [] was disabled because it doesn't support the given collection type.
4937 [21924] INFO perfrun.launcher <> - plugin [] was disabled because it doesn't support the given collection type.
4937 [21924] INFO perfrun.launcher <> - plugin [] was disabled because it doesn't support the given collection type.
4937 [21924] INFO perfrun.launcher <> - plugin [] was disabled because it doesn't support the given collection type.
4937 [21924] INFO perfrun.tpss <> - initialize tpss controller
4937 [21924] INFO perfrun.tpss <> - configure collection mode: value = cpu:stack
4937 [21924] INFO perfrun.tpss <> - configure collection mode: value = opencl|0:0:2.0
4938 [21924] INFO perfrun.tpss <> - configure collection mode: value = mediasdk|0:0:2.0
4938 [21924] INFO perfrun.tpss <> - configure collection mode: value = level_zero|0:0:2.0
4938 [21924] INFO perfrun.tpss <> - configure collection mode: value = opencl_ex|0:0:2.0
4938 [21924] INFO perfrun.tpss <> - default obj-size-min=1024
4938 [21924] INFO perfrun.tpss <> - default hash-table-size=0
4938 [21924] INFO perfrun.launcher <> - plugin [] was disabled because it doesn't support the given collection type.
4938 [21924] INFO perfrun.launcher <> - plugin [] was disabled because it doesn't support the given collection type.
4938 [21924] INFO perfrun.launcher <> - plugin [] was disabled because it doesn't support the given collection type.
4938 [21924] INFO perfrun.launcher <> - plugin [] was disabled because it doesn't support the given collection type.
4938 [21924] INFO perfrun.launcher <> - plugin [] was disabled because it doesn't support the given collection type.
4938 [21924] INFO perfrun.launcher <> - plugin [] was disabled because it doesn't support the given collection type.
4938 [21924] INFO perfrun.launcher <> - plugin [] was disabled because it doesn't support the given collection type.
4938 [21924] INFO perfrun.launcher <> - plugin [] was disabled because it doesn't support the given collection type.
4938 [21924] INFO perfrun.launcher <> - plugin [] was disabled because it doesn't support the given collection type.
4938 [20036] INFO perfrun.launcher <> - set environment variable: PATH = D:\Program Files (x86)\Intel\oneAPI\advisor\2024.0\bin32\runtime;D:\Program Files (x86)\Intel\oneAPI\advisor\2024.0\bin64\runtime;C:\Program Files\Microsoft SDKs\Azure\CLI2\wbin;D:\Programas\PlasticSCM5\server;D:\Programas\PlasticSCM5\client;C:\Python310\Scripts\;C:\Python310\;C:\Program Files\Common Files\Oracle\Java\javapath;C:\Program Files (x86)\Common Files\Oracle\Java\javapath;C:\WINDOWS\system32;C:\WINDOWS;C:\WINDOWS\System32\Wbem;C:\WINDOWS\System32\WindowsPowerShell\v1.0\;C:\WINDOWS\System32\OpenSSH\;C:\Program Files\NVIDIA Corporation\NVIDIA NvDLISR;C:\Program Files (x86)\NVIDIA Corporation\PhysX\Common;C:\Program Files\dotnet\;C:\Program Files\Microsoft SQL Server\130\Tools\Binn\;C:\Program Files\Microsoft SQL Server\Client SDK\ODBC\170\Tools\Binn\;C;C:\Program Files\Git\cmd;C:\ProgramData\chocolatey\bin;C:\Program Files\Portugal Identity Card\;C:\Program Files\php-8.1.1-Win32-vs16-x64;C:\composer;C:\Users\MSI\AppData\Local\Android\Sdk\platform-tools;C:\Program Files\Jadx\jadx-1.2.0\bin;C:\WINDOWS\system32;C:\WINDOWS;C:\WINDOWS\System32\Wbem;C:\WINDOWS\System32\WindowsPowerShell\v1.0\;C:\WINDOWS\System32\OpenSSH\;C:\Program Files\WireGuard\;C:\Program Files\Docke;C:\Program Files\Go\bin;D:\Program Files\Graphviz\bin;C:\Users\MSI\AppData\Local\Microsoft\WindowsApps;C:\Users\MSI\.dotnet\tools;C:\Windows.old\Users\MSI\AppData\Local\GitHubDesktop\bin;C:\Users\MSI\AppData\Local\Programs\Microsoft VS Code\bin;C:\Users\MSI\AppData\Local\atom\bin;C:\Users\MSI\AppData\Roaming\cabal\bin;C:\tools\ghc-9.0.1\bin;C:\tools\msys64;C:\Users\MSI\AppData\Roaming\Composer\vendor\bin;C:\Users\MSI\AppData\Roaming\npm;C:\Users\MSI\Desktop\Universidade\flutter\bin;C:\Program Files\Java\javacc21-master\javacc21-master\bin;C:\Gradle\gradle-7.4.1-bin\gradle-7.4.1\bin;C:\Program Files\Java\jdk-11.0.10\bin;C:\tools\dart-sdk\bin;C:\Users\MSI\AppData\Roaming\Pub\Cache\bin;C:\tools\dart-sdk;C:\Users\MSI\AppData\Local\Android\Sdk\platform-tools;C:\Program Files\Jadx\jadx-1.2.0\bin;C:\Users\MSI\AppData\Local\Microsoft\WindowsApps;C:\Users\MSI\Desktop\Universidade\SDLE\vcpkg\packages\czmq_x86-windows\bin;C:\Users\MSI\.dotnet\tools;C:\Users\MSI\AppData\Roaming\nvm;C:\Program Files\nodejs;C:\Users\MSI\.wdm\drivers\chromedriver\win64\116.0.5845.112\chromedriver-win32\chromedriver.exe;D:\msys64\ucrt64\bin;C:\Users\MSI\.wdm\drivers\chromedriver\win64\116.0.5845.188\chromedriver-win32;C:\Users\MSI\go\bin
4939 [20036] INFO perfrun.launcher <> - set environment variable: INTEL_LIBITTNOTIFY32 = D:\Program Files (x86)\Intel\oneAPI\advisor\2024.0\bin32\runtime\ittnotify_collector.dll
4939 [20036] INFO perfrun.launcher <> - set environment variable: INTEL_LIBITTNOTIFY64 = D:\Program Files (x86)\Intel\oneAPI\advisor\2024.0\bin64\runtime\ittnotify_collector.dll
4939 [20036] INFO perfrun.launcher <> - set environment variable: INTEL_ITTNOTIFY_GROUPS = 
4939 [20036] INFO perfrun.launcher <> - set environment variable: INTEL_JIT_PROFILER32 = D:\Program Files (x86)\Intel\oneAPI\advisor\2024.0\bin32\runtime\ittnotify_collector.dll
4939 [20036] INFO perfrun.launcher <> - set environment variable: INTEL_JIT_PROFILER64 = D:\Program Files (x86)\Intel\oneAPI\advisor\2024.0\bin64\runtime\ittnotify_collector.dll
4939 [20036] INFO perfrun.launcher <> - set environment variable: ENABLE_JITPROFILING = 1
4939 [20036] INFO perfrun.launcher <> - set environment variable: CL_CONFIG_USE_VTUNE = True
4940 [20036] INFO perfrun.launcher <> - set environment variable: KMP_FORKJOIN_FRAMES = 0
4940 [20036] INFO perfrun.launcher <> - set environment variable: KMP_FORKJOIN_FRAMES_MODE = 0
4940 [20036] INFO perfrun.launcher <> - set environment variable: INTEL_MRTE_DATA_DIR = D:\Universidade\CHE\CHE\results\advisor\knn\e000\hs014\data.0
4940 [20036] INFO perfrun.launcher <> - set environment variable: INTEL_MRTE_HOST_NAME = ZPMSI
4940 [20036] INFO perfrun.launcher <> - set environment variable: JAVA_TOOL_OPTIONS = -agentlib:advixe_tpssmrte_javaprof_1.0
4940 [20036] INFO perfrun.launcher <> - set environment variable: PATH = D:\Program Files (x86)\Intel\oneAPI\advisor\2024.0\bin32\runtime;D:\Program Files (x86)\Intel\oneAPI\advisor\2024.0\bin64\runtime;C:\Program Files\Microsoft SDKs\Azure\CLI2\wbin;D:\Programas\PlasticSCM5\server;D:\Programas\PlasticSCM5\client;C:\Python310\Scripts\;C:\Python310\;C:\Program Files\Common Files\Oracle\Java\javapath;C:\Program Files (x86)\Common Files\Oracle\Java\javapath;C:\WINDOWS\system32;C:\WINDOWS;C:\WINDOWS\System32\Wbem;C:\WINDOWS\System32\WindowsPowerShell\v1.0\;C:\WINDOWS\System32\OpenSSH\;C:\Program Files\NVIDIA Corporation\NVIDIA NvDLISR;C:\Program Files (x86)\NVIDIA Corporation\PhysX\Common;C:\Program Files\dotnet\;C:\Program Files\Microsoft SQL Server\130\Tools\Binn\;C:\Program Files\Microsoft SQL Server\Client SDK\ODBC\170\Tools\Binn\;C;C:\Program Files\Git\cmd;C:\ProgramData\chocolatey\bin;C:\Program Files\Portugal Identity Card\;C:\Program Files\php-8.1.1-Win32-vs16-x64;C:\composer;C:\Users\MSI\AppData\Local\Android\Sdk\platform-tools;C:\Program Files\Jadx\jadx-1.2.0\bin;C:\WINDOWS\system32;C:\WINDOWS;C:\WINDOWS\System32\Wbem;C:\WINDOWS\System32\WindowsPowerShell\v1.0\;C:\WINDOWS\System32\OpenSSH\;C:\Program Files\WireGuard\;C:\Program Files\Docke;C:\Program Files\Go\bin;D:\Program Files\Graphviz\bin;C:\Users\MSI\AppData\Local\Microsoft\WindowsApps;C:\Users\MSI\.dotnet\tools;C:\Windows.old\Users\MSI\AppData\Local\GitHubDesktop\bin;C:\Users\MSI\AppData\Local\Programs\Microsoft VS Code\bin;C:\Users\MSI\AppData\Local\atom\bin;C:\Users\MSI\AppData\Roaming\cabal\bin;C:\tools\ghc-9.0.1\bin;C:\tools\msys64;C:\Users\MSI\AppData\Roaming\Composer\vendor\bin;C:\Users\MSI\AppData\Roaming\npm;C:\Users\MSI\Desktop\Universidade\flutter\bin;C:\Program Files\Java\javacc21-master\javacc21-master\bin;C:\Gradle\gradle-7.4.1-bin\gradle-7.4.1\bin;C:\Program Files\Java\jdk-11.0.10\bin;C:\tools\dart-sdk\bin;C:\Users\MSI\AppData\Roaming\Pub\Cache\bin;C:\tools\dart-sdk;C:\Users\MSI\AppData\Local\Android\Sdk\platform-tools;C:\Program Files\Jadx\jadx-1.2.0\bin;C:\Users\MSI\AppData\Local\Microsoft\WindowsApps;C:\Users\MSI\Desktop\Universidade\SDLE\vcpkg\packages\czmq_x86-windows\bin;C:\Users\MSI\.dotnet\tools;C:\Users\MSI\AppData\Roaming\nvm;C:\Program Files\nodejs;C:\Users\MSI\.wdm\drivers\chromedriver\win64\116.0.5845.112\chromedriver-win32\chromedriver.exe;D:\msys64\ucrt64\bin;C:\Users\MSI\.wdm\drivers\chromedriver\win64\116.0.5845.188\chromedriver-win32;C:\Users\MSI\go\bin
4941 [20036] INFO perfrun.launcher <> - set environment variable: COR_ENABLE_PROFILING = 1
4941 [20036] INFO perfrun.launcher <> - set environment variable: COR_PROFILER = {10337B79-F6CD-4df9-8D18-26A67272096B}
4941 [20036] INFO perfrun.launcher <> - set environment variable: COMPLUS_ProfAPI_ProfilerCompatibilitySetting = EnableV2Profiler
4941 [20036] INFO perfrun.launcher <> - set environment variable: CORECLR_ENABLE_PROFILING = 1
4941 [20036] INFO perfrun.launcher <> - set environment variable: CORECLR_PROFILER = {10337B79-F6CD-4df9-8D18-26A67272096B}
4941 [20036] INFO perfrun.launcher <> - set environment variable: CORECLR_PROFILER_PATH = D:\Program Files (x86)\Intel\oneAPI\advisor\2024.0\bin64/advixe_samplingmrte_clrprof_1.0.dll
4941 [20036] INFO perfrun.launcher <> - set environment variable: INTEL_MRTE_PROFILER_MODE = mixed
4942 [20036] INFO perfrun.launcher <> - set environment variable: NEOReadDebugKeys = 1
4942 [20036] INFO perfrun.launcher <> - set environment variable: NEOReadDebugKeys = 1
4942 [20036] INFO perfrun.launcher <> - set environment variable: ZET_ENABLE_PROGRAM_INSTRUMENTATION = 1
4942 [20036] INFO perfrun.launcher <> - set environment variable: ZET_ENABLE_API_TRACING_EXP = 1
4942 [20036] INFO perfrun.launcher <> - set environment variable: ZE_ENABLE_TRACING_LAYER = 1
4942 [20036] INFO perfrun.launcher <> - set environment variable: SYCL_CACHE_DISABLE_PERSISTENT = 1
4942 [20036] INFO perfrun.launcher <> - set environment variable: SYCL_CACHE_PERSISTENT = 0
4943 [20036] INFO perfrun.launcher <> - RpcServer: run RPC server to handle requests
4951 [20036] INFO perfrun.sdk <> - IProcessUtil: the given executable 'D:\Universidade\CHE\CHE\knn-ver1-Oct2023\knn.exe' is valid.
4952 [20036] INFO perfrun.launcher <> - Launcher: command line to start before modification = D:\Universidade\CHE\CHE\knn-ver1-Oct2023\knn.exe
4956 [20036] INFO perfrun.launcher <> - Launcher: command line to start after modification = D:\Program Files (x86)\Intel\oneAPI\advisor\2024.0\bin64\pin.exe -error_file D:\Universidade\CHE\CHE\results\advisor\knn\e000\hs014\data.0\pinerr.tpsslog -detach_reattach -probe -follow_execv -p32 D:\Program Files (x86)\Intel\oneAPI\advisor\2024.0\bin32\pin.exe -p64 D:\Program Files (x86)\Intel\oneAPI\advisor\2024.0\bin64\pin.exe -t64 D:\Program Files (x86)\Intel\oneAPI\advisor\2024.0\bin64\tpsstool.dll -t D:\Program Files (x86)\Intel\oneAPI\advisor\2024.0\bin32\tpsstool.dll -server_name tpss_ipc.27016 -prd_dir D:\Program Files (x86)\Intel\oneAPI\advisor\2024.0 -- D:\Universidade\CHE\CHE\knn-ver1-Oct2023\knn.exe
4957 [20036] INFO perfrun.launcher <> - ProcessCreator object was created
4964 [20036] INFO perfrun.launcher <> - Launcher: the process was started in suspend mode
4967 [21924] INFO perfrun.itt <> - start itt controller for pid #24540
4985 [21924] INFO perfrun.sdk <> - Allocating TMU :D:\Universidade\CHE\CHE\results\advisor\knn\e000\hs014\data.0\gen_metrics0_0_2_0_0.0.cfg
4986 [21924] INFO perfrun.sdk <> - De-allocating TMU: D:\Universidade\CHE\CHE\results\advisor\knn\e000\hs014\data.0\gen_metrics0_0_2_0_0.0.cfg
5001 [21924] INFO perfrun.gpu <> - Creating main data processing loop
5001 [18560] INFO perfrun.sdk <> - Allocating TMU :D:\Universidade\CHE\CHE\results\advisor\knn\e000\hs014\data.0\gen_metrics0_0_2_0_0.0.vtss
5002 [21924] INFO perfrun.tpss <> - start tpss controller for pid #24540
5002 [18560] INFO perfrun.gpu <> - IO stream opening, timer period: 1000000, buffer size: 0 subDevice 0 tile 0
5005 [18560] INFO perfrun.gpu <> - IO stream opened, timer period: 682666, buffer size: 16777216
5063 [20036] INFO perfrun.launcher <> - Launcher: all plugins were started
5063 [20036] INFO perfrun.launcher <> - DirectoryMonitor object was created
5063 [20036] INFO perfrun.launcher <> - DirectoryMonitor: a callback was added
5063 [20036] INFO perfrun.launcher <> - DirectoryMonitor was started with pingTime = 1000
5063 [20036] INFO perfrun.launcher <> - DeadlineTimer is going to be constructed
5064 [20036] INFO perfrun.launcher <> - DeadlineTimer: a callback was added
5083 [20036] INFO perfrun.launcher <> - Launcher: resume the profiled application and  wait its termination or stop command
7875 [20036] INFO perfrun.launcher <> - Launcher: the profiled application was terminated  with exit code = 0
7891 [21924] INFO perfrun.itt <> - detach itt controller
7891 [21924] INFO perfrun.itt <> - detach itt controller done
7891 [21924] INFO perfrun.gpu <> - Waiting for data collection thread to finish
8083 [18560] INFO perfrun.sdk <> - De-allocating TMU: D:\Universidade\CHE\CHE\results\advisor\knn\e000\hs014\data.0\gen_metrics0_0_2_0_0.0.vtss
8096 [18560] INFO perfrun.gpu <> - Data collection routine finished
8100 [21924] INFO perfrun.gpu <> - Data collection thread finished, shutting down the session
8100 [21924] INFO perfrun.tpss <> - stop tpss controller
8104 [21924] INFO perfrun.sdk <> - De-allocating TMU: D:\Universidade\CHE\CHE\results\advisor\knn\e000\hs014\data.0\systemcollector-27016-ZPMSI.sc
8143 [21924] INFO perfrun.system <> - closed the system trace file: D:\Universidade\CHE\CHE\results\advisor\knn\e000\hs014\data.0\systemcollector-27016-ZPMSI.sc
8143 [20036] INFO perfrun.launcher <> - Launcher: all plugins were stopped.
8143 [20036] INFO perfrun.launcher <> - DeadlineTimer is going to be destroyed
8144 [20036] INFO perfrun.launcher <> - DeadlineTimer was destroyed
8144 [20036] INFO perfrun.launcher <> - DirectoryMonitor object was destroyed
8144 [20036] WARN perfrun.launcher <> - Stop command is ignored because it is received when collection is already stopped, at file: vcs\perfrun1\launcher\src\command_handler.cpp:226
8147 [20036] INFO perfrun.launcher <> - Application exit code: 0
8147 [20036] INFO perfrun.launcher <> - Exit code: 0
