80 [11328] INFO perfrun.launcher <> - Launcher main begin
88 [11328] INFO perfrun.launcher <> - MessageCatalogInit finished
88 [11328] INFO perfrun.launcher <> - Launcher instance created
88 [11328] INFO perfrun.launcher <> - argc = 6; cmdline = D:\Program Files (x86)\Intel\oneAPI\advisor\2024.0\bin64\advixe-runss.exe --ui-output-format xml --ui-output-fd 4688 --context-value-list 
128 [11328] INFO perfrun.launcher <> - New signal handler callback was added
3360 [11328] INFO perfrun.launcher <> - create msngr2::ICliToolContext
3361 [11328] INFO perfrun.launcher <> - create file finder object
3380 [11328] INFO perfrun.launcher <> - Put into the variant bag the context value: name = targetOS; value = Windows
3381 [11328] INFO perfrun.launcher <> - Put into the variant bag the context value: name = OS; value = Windows
3381 [11328] INFO perfrun.launcher <> - Put into the variant bag the context value: name = OSBuildNumber; value = 22621
3381 [11328] INFO perfrun.launcher <> - Put into the variant bag the context value: name = OSBitness; value = 64
3382 [11328] INFO perfrun.launcher <> - Put into the variant bag the context value: name = AdministratorPrivileges; value = false
3382 [11328] INFO perfrun.launcher <> - Put into the variant bag the context value: name = isPtraceScopeLimited; value = false
3382 [11328] INFO perfrun.launcher <> - Put into the variant bag the context value: name = isCATSupportedByCPU; value = false
3383 [11328] INFO perfrun.launcher <> - Put into the variant bag the context value: name = isL3MonitoringSupportedByCPU; value = false
3383 [11328] INFO perfrun.launcher <> - Put into the variant bag the context value: name = isTSXAvailable; value = false
3383 [11328] INFO perfrun.launcher <> - Put into the variant bag the context value: name = isPTAvailable; value = false
3383 [11328] INFO perfrun.launcher <> - Put into the variant bag the context value: name = isHTEnabled; value = true
3383 [11328] INFO perfrun.launcher <> - Put into the variant bag the context value: name = fpgaOnBoard; value = None
3384 [11328] INFO perfrun.launcher <> - Put into the variant bag the context value: name = omniPathOnBoard; value = None
3384 [11328] INFO perfrun.launcher <> - Put into the variant bag the context value: name = genArchOnBoard; value = 7
3384 [11328] INFO perfrun.launcher <> - Put into the variant bag the context value: name = pciClassParts; value = 
3384 [11328] INFO perfrun.launcher <> - Put into the variant bag the context value: name = tidValuesForIO; value = 
3384 [11328] INFO perfrun.launcher <> - Put into the variant bag the context value: name = populatedIoParts; value = 
3385 [11328] INFO perfrun.launcher <> - Put into the variant bag the context value: name = populatedIoUnits; value = 
3385 [11328] INFO perfrun.launcher <> - Put into the variant bag the context value: name = populatedTidValuesForIO; value = 
3385 [11328] INFO perfrun.launcher <> - Put into the variant bag the context value: name = isSGXAvailable; value = false
3385 [11328] INFO perfrun.launcher <> - Put into the variant bag the context value: name = Hypervisor; value = Microsoft Hv
3385 [11328] INFO perfrun.launcher <> - Put into the variant bag the context value: name = PerfmonVersion; value = 4
3386 [11328] INFO perfrun.launcher <> - Put into the variant bag the context value: name = isMaxDRAMBandwidthMeasurementSupported; value = false
3386 [11328] INFO perfrun.launcher <> - Put into the variant bag the context value: name = preferedGpuAdapter; value = 0:0:2.0
3386 [11328] INFO perfrun.launcher <> - Put into the variant bag the context value: name = gpuAdapterNameList; value = 0:0:2.0|Intel(R) UHD Graphics 630;
3386 [11328] INFO perfrun.launcher <> - Put into the variant bag the context value: name = gpuAdapterTileNameList; value = 0:0:2.0|Intel(R) UHD Graphics 630|0,;
3387 [11328] INFO perfrun.launcher <> - Put into the variant bag the context value: name = gpuOpenCLDeviceOrder; value = none
3387 [11328] INFO perfrun.launcher <> - Put into the variant bag the context value: name = gpuAdapterNameAliasList; value = 0:0:2.0|Intel(R) UHD Graphics 630|GPU 0;0:1:0.0|NVIDIA GeForce GTX 1070|GPU 1;
3387 [11328] INFO perfrun.launcher <> - Put into the variant bag the context value: name = isEHFIAvailable; value = false
3387 [11328] INFO perfrun.launcher <> - Put into the variant bag the context value: name = areGpuHardwareMetricsAvailableList; value = 0:0:2.0|true;
3387 [11328] INFO perfrun.launcher <> - Put into the variant bag the context value: name = gpuPlatformIndexList; value = 0:0:2.0|18;
3387 [11328] INFO perfrun.launcher <> - Put into the variant bag the context value: name = isTPSSAvailable; value = true
3388 [11328] INFO perfrun.launcher <> - Put into the variant bag the context value: name = isPytraceAvailable; value = true
3388 [11328] INFO perfrun.launcher <> - Put into the variant bag the context value: name = isGENDebugInfoAvailableList; value = 0:0:2.0|true;
3388 [11328] INFO perfrun.launcher <> - Put into the variant bag the context value: name = isGTPinCollectionAvailableList; value = 0:0:2.0|true;
3388 [11328] INFO perfrun.launcher <> - Put into the variant bag the context value: name = forceShowInlines; value = false
3389 [11328] INFO perfrun.launcher <> - Application exit code: 0
3389 [11328] INFO perfrun.launcher <> - Exit code: 0
