114 [23800] INFO perfrun.launcher <> - Launcher main begin
132 [23800] INFO perfrun.launcher <> - MessageCatalogInit finished
132 [23800] INFO perfrun.launcher <> - Launcher instance created
132 [23800] INFO perfrun.launcher <> - argc = 6; cmdline = D:\Program Files (x86)\Intel\oneAPI\advisor\2024.0\bin64\advixe-runss.exe --ui-output-format xml --ui-output-fd 5084 --context-value-list 
212 [23800] INFO perfrun.launcher <> - New signal handler callback was added
5015 [23800] INFO perfrun.launcher <> - create msngr2::ICliToolContext
5015 [23800] INFO perfrun.launcher <> - create file finder object
5032 [23800] INFO perfrun.launcher <> - Put into the variant bag the context value: name = targetOS; value = Windows
5033 [23800] INFO perfrun.launcher <> - Put into the variant bag the context value: name = OS; value = Windows
5033 [23800] INFO perfrun.launcher <> - Put into the variant bag the context value: name = OSBuildNumber; value = 22621
5033 [23800] INFO perfrun.launcher <> - Put into the variant bag the context value: name = OSBitness; value = 64
5033 [23800] INFO perfrun.launcher <> - Put into the variant bag the context value: name = AdministratorPrivileges; value = false
5033 [23800] INFO perfrun.launcher <> - Put into the variant bag the context value: name = isPtraceScopeLimited; value = false
5034 [23800] INFO perfrun.launcher <> - Put into the variant bag the context value: name = isCATSupportedByCPU; value = false
5034 [23800] INFO perfrun.launcher <> - Put into the variant bag the context value: name = isL3MonitoringSupportedByCPU; value = false
5034 [23800] INFO perfrun.launcher <> - Put into the variant bag the context value: name = isTSXAvailable; value = false
5034 [23800] INFO perfrun.launcher <> - Put into the variant bag the context value: name = isPTAvailable; value = false
5035 [23800] INFO perfrun.launcher <> - Put into the variant bag the context value: name = isHTEnabled; value = true
5035 [23800] INFO perfrun.launcher <> - Put into the variant bag the context value: name = fpgaOnBoard; value = None
5035 [23800] INFO perfrun.launcher <> - Put into the variant bag the context value: name = omniPathOnBoard; value = None
5035 [23800] INFO perfrun.launcher <> - Put into the variant bag the context value: name = genArchOnBoard; value = 7
5035 [23800] INFO perfrun.launcher <> - Put into the variant bag the context value: name = pciClassParts; value = 
5036 [23800] INFO perfrun.launcher <> - Put into the variant bag the context value: name = tidValuesForIO; value = 
5036 [23800] INFO perfrun.launcher <> - Put into the variant bag the context value: name = populatedIoParts; value = 
5036 [23800] INFO perfrun.launcher <> - Put into the variant bag the context value: name = populatedIoUnits; value = 
5036 [23800] INFO perfrun.launcher <> - Put into the variant bag the context value: name = populatedTidValuesForIO; value = 
5036 [23800] INFO perfrun.launcher <> - Put into the variant bag the context value: name = isSGXAvailable; value = false
5036 [23800] INFO perfrun.launcher <> - Put into the variant bag the context value: name = Hypervisor; value = Microsoft Hv
5037 [23800] INFO perfrun.launcher <> - Put into the variant bag the context value: name = PerfmonVersion; value = 4
5037 [23800] INFO perfrun.launcher <> - Put into the variant bag the context value: name = isMaxDRAMBandwidthMeasurementSupported; value = false
5037 [23800] INFO perfrun.launcher <> - Put into the variant bag the context value: name = preferedGpuAdapter; value = 0:0:2.0
5037 [23800] INFO perfrun.launcher <> - Put into the variant bag the context value: name = gpuAdapterNameList; value = 0:0:2.0|Intel(R) UHD Graphics 630;
5037 [23800] INFO perfrun.launcher <> - Put into the variant bag the context value: name = gpuAdapterTileNameList; value = 0:0:2.0|Intel(R) UHD Graphics 630|0,;
5037 [23800] INFO perfrun.launcher <> - Put into the variant bag the context value: name = gpuOpenCLDeviceOrder; value = none
5038 [23800] INFO perfrun.launcher <> - Put into the variant bag the context value: name = gpuAdapterNameAliasList; value = 0:0:2.0|Intel(R) UHD Graphics 630|GPU 0;0:1:0.0|NVIDIA GeForce GTX 1070|GPU 1;
5038 [23800] INFO perfrun.launcher <> - Put into the variant bag the context value: name = isEHFIAvailable; value = false
5038 [23800] INFO perfrun.launcher <> - Put into the variant bag the context value: name = areGpuHardwareMetricsAvailableList; value = 0:0:2.0|true;
5038 [23800] INFO perfrun.launcher <> - Put into the variant bag the context value: name = gpuPlatformIndexList; value = 0:0:2.0|18;
5038 [23800] INFO perfrun.launcher <> - Put into the variant bag the context value: name = isTPSSAvailable; value = true
5039 [23800] INFO perfrun.launcher <> - Put into the variant bag the context value: name = isPytraceAvailable; value = true
5039 [23800] INFO perfrun.launcher <> - Put into the variant bag the context value: name = isGENDebugInfoAvailableList; value = 0:0:2.0|true;
5039 [23800] INFO perfrun.launcher <> - Put into the variant bag the context value: name = isGTPinCollectionAvailableList; value = 0:0:2.0|true;
5039 [23800] INFO perfrun.launcher <> - Put into the variant bag the context value: name = forceShowInlines; value = false
5039 [23800] INFO perfrun.launcher <> - Application exit code: 0
5039 [23800] INFO perfrun.launcher <> - Exit code: 0
